     1 00000000                                 [FORMAT "WCOFF"]
     2 00000000                                 [INSTRSET "i486p"]
     3 00000000                                 [OPTIMIZE 1]
     4 00000000                                 [OPTION 1]
     5 00000000                                 [BITS 32]
     6 00000000                                 	EXTERN	_init_gdtidt
     7 00000000                                 	EXTERN	_init_pic
     8 00000000                                 	EXTERN	_io_sti
     9 00000000                                 	EXTERN	_fifo32_init
    10 00000000                                 	EXTERN	_init_pit
    11 00000000                                 	EXTERN	_init_keyboard
    12 00000000                                 	EXTERN	_enable_mouse
    13 00000000                                 	EXTERN	_io_out8
    14 00000000                                 	EXTERN	_memtest
    15 00000000                                 	EXTERN	_memman_init
    16 00000000                                 	EXTERN	_memman_free
    17 00000000                                 	EXTERN	_init_palette
    18 00000000                                 	EXTERN	_shtctl_init
    19 00000000                                 	EXTERN	_task_init
    20 00000000                                 	EXTERN	_task_run
    21 00000000                                 	EXTERN	_sheet_alloc
    22 00000000                                 	EXTERN	_memman_alloc_4k
    23 00000000                                 	EXTERN	_sheet_setbuf
    24 00000000                                 	EXTERN	_init_screen8
    25 00000000                                 	EXTERN	_make_window8
    26 00000000                                 	EXTERN	_make_textbox8
    27 00000000                                 	EXTERN	_timer_alloc
    28 00000000                                 	EXTERN	_timer_init
    29 00000000                                 	EXTERN	_timer_settime
    30 00000000                                 	EXTERN	_init_mouse_cursor8
    31 00000000                                 	EXTERN	_task_alloc
    32 00000000                                 	EXTERN	_console_task
    33 00000000                                 	EXTERN	_sheet_slide
    34 00000000                                 	EXTERN	_sheet_updown
    35 00000000                                 	EXTERN	_io_cli
    36 00000000                                 	EXTERN	_fifo32_status
    37 00000000                                 	EXTERN	_fifo32_get
    38 00000000                                 	EXTERN	_boxfill8
    39 00000000                                 	EXTERN	_sheet_refresh
    40 00000000                                 	EXTERN	_mouse_decode
    41 00000000                                 	EXTERN	_keytable0.0
    42 00000000                                 	EXTERN	_putfonts8_asc_sht
    43 00000000                                 	EXTERN	_make_wtitle8
    44 00000000                                 	EXTERN	_fifo32_put
    45 00000000                                 	EXTERN	_keytable1.1
    46 00000000                                 	EXTERN	_task_sleep
    47 00000000                                 [FILE "bootpack.c"]
    48                                          [SECTION .data]
    49 00000000                                 _keytable0.0:
    50 00000000 00                              	DB	0
    51 00000001 00                              	DB	0
    52 00000002 31                              	DB	49
    53 00000003 32                              	DB	50
    54 00000004 33                              	DB	51
    55 00000005 34                              	DB	52
    56 00000006 35                              	DB	53
    57 00000007 36                              	DB	54
    58 00000008 37                              	DB	55
    59 00000009 38                              	DB	56
    60 0000000A 39                              	DB	57
    61 0000000B 30                              	DB	48
    62 0000000C 2D                              	DB	45
    63 0000000D 5E                              	DB	94
    64 0000000E 00                              	DB	0
    65 0000000F 00                              	DB	0
    66 00000010 51                              	DB	81
    67 00000011 57                              	DB	87
    68 00000012 45                              	DB	69
    69 00000013 52                              	DB	82
    70 00000014 54                              	DB	84
    71 00000015 59                              	DB	89
    72 00000016 55                              	DB	85
    73 00000017 49                              	DB	73
    74 00000018 4F                              	DB	79
    75 00000019 50                              	DB	80
    76 0000001A 40                              	DB	64
    77 0000001B 5B                              	DB	91
    78 0000001C 00                              	DB	0
    79 0000001D 00                              	DB	0
    80 0000001E 41                              	DB	65
    81 0000001F 53                              	DB	83
    82 00000020 44                              	DB	68
    83 00000021 46                              	DB	70
    84 00000022 47                              	DB	71
    85 00000023 48                              	DB	72
    86 00000024 4A                              	DB	74
    87 00000025 4B                              	DB	75
    88 00000026 4C                              	DB	76
    89 00000027 3B                              	DB	59
    90 00000028 3A                              	DB	58
    91 00000029 00                              	DB	0
    92 0000002A 00                              	DB	0
    93 0000002B 5D                              	DB	93
    94 0000002C 5A                              	DB	90
    95 0000002D 58                              	DB	88
    96 0000002E 43                              	DB	67
    97 0000002F 56                              	DB	86
    98 00000030 42                              	DB	66
    99 00000031 4E                              	DB	78
   100 00000032 4D                              	DB	77
   101 00000033 2C                              	DB	44
   102 00000034 2E                              	DB	46
   103 00000035 2F                              	DB	47
   104 00000036 00                              	DB	0
   105 00000037 2A                              	DB	42
   106 00000038 00                              	DB	0
   107 00000039 20                              	DB	32
   108 0000003A 00                              	DB	0
   109 0000003B 00                              	DB	0
   110 0000003C 00                              	DB	0
   111 0000003D 00                              	DB	0
   112 0000003E 00                              	DB	0
   113 0000003F 00                              	DB	0
   114 00000040 00                              	DB	0
   115 00000041 00                              	DB	0
   116 00000042 00                              	DB	0
   117 00000043 00                              	DB	0
   118 00000044 00                              	DB	0
   119 00000045 00                              	DB	0
   120 00000046 00                              	DB	0
   121 00000047 37                              	DB	55
   122 00000048 38                              	DB	56
   123 00000049 39                              	DB	57
   124 0000004A 2D                              	DB	45
   125 0000004B 34                              	DB	52
   126 0000004C 35                              	DB	53
   127 0000004D 36                              	DB	54
   128 0000004E 2B                              	DB	43
   129 0000004F 31                              	DB	49
   130 00000050 32                              	DB	50
   131 00000051 33                              	DB	51
   132 00000052 30                              	DB	48
   133 00000053 2E                              	DB	46
   134 00000054                                 _keytable1.1:
   135 00000054 00                              	DB	0
   136 00000055 00                              	DB	0
   137 00000056 21                              	DB	33
   138 00000057 22                              	DB	34
   139 00000058 23                              	DB	35
   140 00000059 24                              	DB	36
   141 0000005A 25                              	DB	37
   142 0000005B 26                              	DB	38
   143 0000005C 27                              	DB	39
   144 0000005D 28                              	DB	40
   145 0000005E 29                              	DB	41
   146 0000005F 7E                              	DB	126
   147 00000060 3D                              	DB	61
   148 00000061 7E                              	DB	126
   149 00000062 00                              	DB	0
   150 00000063 00                              	DB	0
   151 00000064 51                              	DB	81
   152 00000065 57                              	DB	87
   153 00000066 45                              	DB	69
   154 00000067 52                              	DB	82
   155 00000068 54                              	DB	84
   156 00000069 59                              	DB	89
   157 0000006A 55                              	DB	85
   158 0000006B 49                              	DB	73
   159 0000006C 4F                              	DB	79
   160 0000006D 50                              	DB	80
   161 0000006E 60                              	DB	96
   162 0000006F 7B                              	DB	123
   163 00000070 00                              	DB	0
   164 00000071 00                              	DB	0
   165 00000072 41                              	DB	65
   166 00000073 53                              	DB	83
   167 00000074 44                              	DB	68
   168 00000075 46                              	DB	70
   169 00000076 47                              	DB	71
   170 00000077 48                              	DB	72
   171 00000078 4A                              	DB	74
   172 00000079 4B                              	DB	75
   173 0000007A 4C                              	DB	76
   174 0000007B 2B                              	DB	43
   175 0000007C 2A                              	DB	42
   176 0000007D 00                              	DB	0
   177 0000007E 00                              	DB	0
   178 0000007F 7D                              	DB	125
   179 00000080 5A                              	DB	90
   180 00000081 58                              	DB	88
   181 00000082 43                              	DB	67
   182 00000083 56                              	DB	86
   183 00000084 42                              	DB	66
   184 00000085 4E                              	DB	78
   185 00000086 4D                              	DB	77
   186 00000087 3C                              	DB	60
   187 00000088 3E                              	DB	62
   188 00000089 3F                              	DB	63
   189 0000008A 00                              	DB	0
   190 0000008B 2A                              	DB	42
   191 0000008C 00                              	DB	0
   192 0000008D 20                              	DB	32
   193 0000008E 00                              	DB	0
   194 0000008F 00                              	DB	0
   195 00000090 00                              	DB	0
   196 00000091 00                              	DB	0
   197 00000092 00                              	DB	0
   198 00000093 00                              	DB	0
   199 00000094 00                              	DB	0
   200 00000095 00                              	DB	0
   201 00000096 00                              	DB	0
   202 00000097 00                              	DB	0
   203 00000098 00                              	DB	0
   204 00000099 00                              	DB	0
   205 0000009A 00                              	DB	0
   206 0000009B 37                              	DB	55
   207 0000009C 38                              	DB	56
   208 0000009D 39                              	DB	57
   209 0000009E 2D                              	DB	45
   210 0000009F 34                              	DB	52
   211 000000A0 35                              	DB	53
   212 000000A1 36                              	DB	54
   213 000000A2 2B                              	DB	43
   214 000000A3 31                              	DB	49
   215 000000A4 32                              	DB	50
   216 000000A5 33                              	DB	51
   217 000000A6 30                              	DB	48
   218 000000A7 2E                              	DB	46
   219 000000A8 00                              	DB	0
   220 000000A9 00                              	DB	0
   221 000000AA 00                              	DB	0
   222 000000AB 00                              	DB	0
   223 000000AC 00                              	DB	0
   224 000000AD 00                              	DB	0
   225 000000AE 00                              	DB	0
   226 000000AF 00                              	DB	0
   227 000000B0 00                              	DB	0
   228 000000B1 00                              	DB	0
   229 000000B2 00                              	DB	0
   230 000000B3 00                              	DB	0
   231 000000B4 00                              	DB	0
   232 000000B5 00                              	DB	0
   233 000000B6 00                              	DB	0
   234 000000B7 00                              	DB	0
   235 000000B8 00                              	DB	0
   236 000000B9 00                              	DB	0
   237 000000BA 00                              	DB	0
   238 000000BB 00                              	DB	0
   239 000000BC 00                              	DB	0
   240 000000BD 00                              	DB	0
   241 000000BE 00                              	DB	0
   242 000000BF 00                              	DB	0
   243 000000C0 00                              	DB	0
   244 000000C1 00                              	DB	0
   245 000000C2 00                              	DB	0
   246 000000C3 00                              	DB	0
   247 000000C4 00                              	DB	0
   248 000000C5 00                              	DB	0
   249 000000C6 00                              	DB	0
   250 000000C7 5F                              	DB	95
   251 000000C8 00                              	DB	0
   252 000000C9 00                              	DB	0
   253 000000CA 00                              	DB	0
   254 000000CB 00                              	DB	0
   255 000000CC 00                              	DB	0
   256 000000CD 00                              	DB	0
   257 000000CE 00                              	DB	0
   258 000000CF 00                              	DB	0
   259 000000D0 00                              	DB	0
   260 000000D1 7C                              	DB	124
   261 000000D2 00                              	DB	0
   262 000000D3 00                              	DB	0
   263 000000D4                                 LC0:
   264 000000D4 74 61 73 6B 5F 61 00            	DB	"task_a",0x00
   265 000000DB                                 LC1:
   266 000000DB 63 6F 6E 73 6F 6C 65 00         	DB	"console",0x00
   267 000000E3                                 LC2:
   268 000000E3 20 00                           	DB	" ",0x00
   269                                          [SECTION .text]
   270 00000000                                 	GLOBAL	_HariMain
   271 00000000                                 _HariMain:
   272 00000000 55                              	PUSH	EBP
   273 00000001 89 E5                           	MOV	EBP,ESP
   274 00000003 57                              	PUSH	EDI
   275 00000004 56                              	PUSH	ESI
   276 00000005 53                              	PUSH	EBX
   277 00000006 81 EC 000003A4                  	SUB	ESP,932
   278 0000000C C7 85 FFFFFC5C 00000000         	MOV	DWORD [-932+EBP],0
   279 00000016 C7 85 FFFFFC58 00000000         	MOV	DWORD [-936+EBP],0
   280 00000020 A0 00000FF1                     	MOV	AL,BYTE [4081]
   281 00000025 C0 F8 04                        	SAR	AL,4
   282 00000028 89 C2                           	MOV	EDX,EAX
   283 0000002A 83 E2 07                        	AND	EDX,7
   284 0000002D 89 95 FFFFFC54                  	MOV	DWORD [-940+EBP],EDX
   285 00000033 E8 [00000000]                   	CALL	_init_gdtidt
   286 00000038 E8 [00000000]                   	CALL	_init_pic
   287 0000003D E8 [00000000]                   	CALL	_io_sti
   288 00000042 8D 85 FFFFFDA4                  	LEA	EAX,DWORD [-604+EBP]
   289 00000048 6A 00                           	PUSH	0
   290 0000004A 50                              	PUSH	EAX
   291 0000004B 8D 45 D4                        	LEA	EAX,DWORD [-44+EBP]
   292 0000004E 68 00000080                     	PUSH	128
   293 00000053 50                              	PUSH	EAX
   294 00000054 E8 [00000000]                   	CALL	_fifo32_init
   295 00000059 E8 [00000000]                   	CALL	_init_pit
   296 0000005E 8D 55 D4                        	LEA	EDX,DWORD [-44+EBP]
   297 00000061 68 00000100                     	PUSH	256
   298 00000066 52                              	PUSH	EDX
   299 00000067 E8 [00000000]                   	CALL	_init_keyboard
   300 0000006C 8D 85 FFFFFD94                  	LEA	EAX,DWORD [-620+EBP]
   301 00000072 50                              	PUSH	EAX
   302 00000073 8D 45 D4                        	LEA	EAX,DWORD [-44+EBP]
   303 00000076 68 00000200                     	PUSH	512
   304 0000007B 50                              	PUSH	EAX
   305 0000007C E8 [00000000]                   	CALL	_enable_mouse
   306 00000081 83 C4 24                        	ADD	ESP,36
   307 00000084 68 000000F8                     	PUSH	248
   308 00000089 6A 21                           	PUSH	33
   309 0000008B E8 [00000000]                   	CALL	_io_out8
   310 00000090 68 000000EF                     	PUSH	239
   311 00000095 68 000000A1                     	PUSH	161
   312 0000009A E8 [00000000]                   	CALL	_io_out8
   313 0000009F 68 BFFFFFFF                     	PUSH	-1073741825
   314 000000A4 68 00400000                     	PUSH	4194304
   315 000000A9 E8 [00000000]                   	CALL	_memtest
   316 000000AE 68 003C0000                     	PUSH	3932160
   317 000000B3 89 85 FFFFFC80                  	MOV	DWORD [-896+EBP],EAX
   318 000000B9 E8 [00000000]                   	CALL	_memman_init
   319 000000BE 68 0009E000                     	PUSH	647168
   320 000000C3 68 00001000                     	PUSH	4096
   321 000000C8 68 003C0000                     	PUSH	3932160
   322 000000CD E8 [00000000]                   	CALL	_memman_free
   323 000000D2 8B 85 FFFFFC80                  	MOV	EAX,DWORD [-896+EBP]
   324 000000D8 83 C4 28                        	ADD	ESP,40
   325 000000DB 2D 00400000                     	SUB	EAX,4194304
   326 000000E0 50                              	PUSH	EAX
   327 000000E1 68 00400000                     	PUSH	4194304
   328 000000E6 68 003C0000                     	PUSH	3932160
   329 000000EB E8 [00000000]                   	CALL	_memman_free
   330 000000F0 E8 [00000000]                   	CALL	_init_palette
   331 000000F5 0F BF 05 00000FF6               	MOVSX	EAX,WORD [4086]
   332 000000FC 50                              	PUSH	EAX
   333 000000FD 0F BF 05 00000FF4               	MOVSX	EAX,WORD [4084]
   334 00000104 50                              	PUSH	EAX
   335 00000105 FF 35 00000FF8                  	PUSH	DWORD [4088]
   336 0000010B 68 003C0000                     	PUSH	3932160
   337 00000110 E8 [00000000]                   	CALL	_shtctl_init
   338 00000115 68 003C0000                     	PUSH	3932160
   339 0000011A 89 C6                           	MOV	ESI,EAX
   340 0000011C E8 [00000000]                   	CALL	_task_init
   341 00000121 83 C4 20                        	ADD	ESP,32
   342 00000124 89 85 FFFFFC64                  	MOV	DWORD [-924+EBP],EAX
   343 0000012A 89 45 EC                        	MOV	DWORD [-20+EBP],EAX
   344 0000012D 6A 02                           	PUSH	2
   345 0000012F 6A 01                           	PUSH	1
   346 00000131 50                              	PUSH	EAX
   347 00000132 E8 [00000000]                   	CALL	_task_run
   348 00000137 56                              	PUSH	ESI
   349 00000138 E8 [00000000]                   	CALL	_sheet_alloc
   350 0000013D 0F BF 15 00000FF6               	MOVSX	EDX,WORD [4086]
   351 00000144 89 85 FFFFFC74                  	MOV	DWORD [-908+EBP],EAX
   352 0000014A 0F BF 05 00000FF4               	MOVSX	EAX,WORD [4084]
   353 00000151 0F AF C2                        	IMUL	EAX,EDX
   354 00000154 50                              	PUSH	EAX
   355 00000155 68 003C0000                     	PUSH	3932160
   356 0000015A E8 [00000000]                   	CALL	_memman_alloc_4k
   357 0000015F 6A FF                           	PUSH	-1
   358 00000161 89 C3                           	MOV	EBX,EAX
   359 00000163 0F BF 05 00000FF6               	MOVSX	EAX,WORD [4086]
   360 0000016A 50                              	PUSH	EAX
   361 0000016B 0F BF 05 00000FF4               	MOVSX	EAX,WORD [4084]
   362 00000172 50                              	PUSH	EAX
   363 00000173 53                              	PUSH	EBX
   364 00000174 FF B5 FFFFFC74                  	PUSH	DWORD [-908+EBP]
   365 0000017A E8 [00000000]                   	CALL	_sheet_setbuf
   366 0000017F 83 C4 2C                        	ADD	ESP,44
   367 00000182 0F BF 05 00000FF6               	MOVSX	EAX,WORD [4086]
   368 00000189 50                              	PUSH	EAX
   369 0000018A 0F BF 05 00000FF4               	MOVSX	EAX,WORD [4084]
   370 00000191 50                              	PUSH	EAX
   371 00000192 53                              	PUSH	EBX
   372 00000193 8D 9D FFFFFC94                  	LEA	EBX,DWORD [-876+EBP]
   373 00000199 E8 [00000000]                   	CALL	_init_screen8
   374 0000019E 56                              	PUSH	ESI
   375 0000019F E8 [00000000]                   	CALL	_sheet_alloc
   376 000001A4 68 00002080                     	PUSH	8320
   377 000001A9 68 003C0000                     	PUSH	3932160
   378 000001AE 89 85 FFFFFC6C                  	MOV	DWORD [-916+EBP],EAX
   379 000001B4 E8 [00000000]                   	CALL	_memman_alloc_4k
   380 000001B9 6A FF                           	PUSH	-1
   381 000001BB 6A 34                           	PUSH	52
   382 000001BD 89 85 FFFFFC7C                  	MOV	DWORD [-900+EBP],EAX
   383 000001C3 68 00000090                     	PUSH	144
   384 000001C8 50                              	PUSH	EAX
   385 000001C9 FF B5 FFFFFC6C                  	PUSH	DWORD [-916+EBP]
   386 000001CF E8 [00000000]                   	CALL	_sheet_setbuf
   387 000001D4 83 C4 2C                        	ADD	ESP,44
   388 000001D7 6A 01                           	PUSH	1
   389 000001D9 68 [000000D4]                   	PUSH	LC0
   390 000001DE 6A 34                           	PUSH	52
   391 000001E0 68 00000090                     	PUSH	144
   392 000001E5 FF B5 FFFFFC7C                  	PUSH	DWORD [-900+EBP]
   393 000001EB E8 [00000000]                   	CALL	_make_window8
   394 000001F0 6A 07                           	PUSH	7
   395 000001F2 6A 10                           	PUSH	16
   396 000001F4 68 00000080                     	PUSH	128
   397 000001F9 6A 1C                           	PUSH	28
   398 000001FB 6A 08                           	PUSH	8
   399 000001FD FF B5 FFFFFC6C                  	PUSH	DWORD [-916+EBP]
   400 00000203 E8 [00000000]                   	CALL	_make_textbox8
   401 00000208 83 C4 2C                        	ADD	ESP,44
   402 0000020B C7 85 FFFFFC88 00000008         	MOV	DWORD [-888+EBP],8
   403 00000215 C7 85 FFFFFC84 00000007         	MOV	DWORD [-892+EBP],7
   404 0000021F E8 [00000000]                   	CALL	_timer_alloc
   405 00000224 8D 55 D4                        	LEA	EDX,DWORD [-44+EBP]
   406 00000227 6A 01                           	PUSH	1
   407 00000229 52                              	PUSH	EDX
   408 0000022A 89 85 FFFFFC60                  	MOV	DWORD [-928+EBP],EAX
   409 00000230 50                              	PUSH	EAX
   410 00000231 E8 [00000000]                   	CALL	_timer_init
   411 00000236 6A 32                           	PUSH	50
   412 00000238 FF B5 FFFFFC60                  	PUSH	DWORD [-928+EBP]
   413 0000023E E8 [00000000]                   	CALL	_timer_settime
   414 00000243 56                              	PUSH	ESI
   415 00000244 E8 [00000000]                   	CALL	_sheet_alloc
   416 00000249 6A 63                           	PUSH	99
   417 0000024B 6A 10                           	PUSH	16
   418 0000024D 6A 10                           	PUSH	16
   419 0000024F 89 85 FFFFFC70                  	MOV	DWORD [-912+EBP],EAX
   420 00000255 53                              	PUSH	EBX
   421 00000256 50                              	PUSH	EAX
   422 00000257 E8 [00000000]                   	CALL	_sheet_setbuf
   423 0000025C 83 C4 2C                        	ADD	ESP,44
   424 0000025F 6A 63                           	PUSH	99
   425 00000261 53                              	PUSH	EBX
   426 00000262 BB 00000002                     	MOV	EBX,2
   427 00000267 E8 [00000000]                   	CALL	_init_mouse_cursor8
   428 0000026C 0F BF 05 00000FF4               	MOVSX	EAX,WORD [4084]
   429 00000273 8D 48 F0                        	LEA	ECX,DWORD [-16+EAX]
   430 00000276 89 C8                           	MOV	EAX,ECX
   431 00000278 99                              	CDQ
   432 00000279 F7 FB                           	IDIV	EBX
   433 0000027B 89 85 FFFFFC90                  	MOV	DWORD [-880+EBP],EAX
   434 00000281 0F BF 05 00000FF6               	MOVSX	EAX,WORD [4086]
   435 00000288 56                              	PUSH	ESI
   436 00000289 8D 48 D4                        	LEA	ECX,DWORD [-44+EAX]
   437 0000028C 89 C8                           	MOV	EAX,ECX
   438 0000028E 99                              	CDQ
   439 0000028F F7 FB                           	IDIV	EBX
   440 00000291 89 85 FFFFFC8C                  	MOV	DWORD [-884+EBP],EAX
   441 00000297 E8 [00000000]                   	CALL	_sheet_alloc
   442 0000029C 68 0000A500                     	PUSH	42240
   443 000002A1 68 003C0000                     	PUSH	3932160
   444 000002A6 89 85 FFFFFC68                  	MOV	DWORD [-920+EBP],EAX
   445 000002AC E8 [00000000]                   	CALL	_memman_alloc_4k
   446 000002B1 6A FF                           	PUSH	-1
   447 000002B3 68 000000A5                     	PUSH	165
   448 000002B8 68 00000100                     	PUSH	256
   449 000002BD 89 85 FFFFFC78                  	MOV	DWORD [-904+EBP],EAX
   450 000002C3 50                              	PUSH	EAX
   451 000002C4 FF B5 FFFFFC68                  	PUSH	DWORD [-920+EBP]
   452 000002CA E8 [00000000]                   	CALL	_sheet_setbuf
   453 000002CF 83 C4 28                        	ADD	ESP,40
   454 000002D2 6A 00                           	PUSH	0
   455 000002D4 68 [000000DB]                   	PUSH	LC1
   456 000002D9 68 000000A5                     	PUSH	165
   457 000002DE 68 00000100                     	PUSH	256
   458 000002E3 FF B5 FFFFFC78                  	PUSH	DWORD [-904+EBP]
   459 000002E9 E8 [00000000]                   	CALL	_make_window8
   460 000002EE 6A 00                           	PUSH	0
   461 000002F0 68 00000080                     	PUSH	128
   462 000002F5 68 000000F0                     	PUSH	240
   463 000002FA 6A 1C                           	PUSH	28
   464 000002FC 6A 08                           	PUSH	8
   465 000002FE FF B5 FFFFFC68                  	PUSH	DWORD [-920+EBP]
   466 00000304 E8 [00000000]                   	CALL	_make_textbox8
   467 00000309 83 C4 2C                        	ADD	ESP,44
   468 0000030C E8 [00000000]                   	CALL	_task_alloc
   469 00000311 68 00010000                     	PUSH	65536
   470 00000316 89 C7                           	MOV	EDI,EAX
   471 00000318 68 003C0000                     	PUSH	3932160
   472 0000031D E8 [00000000]                   	CALL	_memman_alloc_4k
   473 00000322 8B 95 FFFFFC68                  	MOV	EDX,DWORD [-920+EBP]
   474 00000328 05 0000FFF4                     	ADD	EAX,65524
   475 0000032D 89 47 64                        	MOV	DWORD [100+EDI],EAX
   476 00000330 C7 47 4C [00000000]             	MOV	DWORD [76+EDI],_console_task
   477 00000337 C7 47 74 00000008               	MOV	DWORD [116+EDI],8
   478 0000033E C7 47 78 00000010               	MOV	DWORD [120+EDI],16
   479 00000345 C7 47 7C 00000008               	MOV	DWORD [124+EDI],8
   480 0000034C C7 87 00000080 00000008         	MOV	DWORD [128+EDI],8
   481 00000356 C7 87 00000084 00000008         	MOV	DWORD [132+EDI],8
   482 00000360 C7 87 00000088 00000008         	MOV	DWORD [136+EDI],8
   483 0000036A 89 50 04                        	MOV	DWORD [4+EAX],EDX
   484 0000036D 8B 95 FFFFFC80                  	MOV	EDX,DWORD [-896+EBP]
   485 00000373 8B 47 64                        	MOV	EAX,DWORD [100+EDI]
   486 00000376 89 50 08                        	MOV	DWORD [8+EAX],EDX
   487 00000379 6A 02                           	PUSH	2
   488 0000037B 6A 02                           	PUSH	2
   489 0000037D 57                              	PUSH	EDI
   490 0000037E E8 [00000000]                   	CALL	_task_run
   491 00000383 6A 00                           	PUSH	0
   492 00000385 6A 00                           	PUSH	0
   493 00000387 FF B5 FFFFFC74                  	PUSH	DWORD [-908+EBP]
   494 0000038D E8 [00000000]                   	CALL	_sheet_slide
   495 00000392 83 C4 20                        	ADD	ESP,32
   496 00000395 6A 04                           	PUSH	4
   497 00000397 6A 20                           	PUSH	32
   498 00000399 FF B5 FFFFFC68                  	PUSH	DWORD [-920+EBP]
   499 0000039F E8 [00000000]                   	CALL	_sheet_slide
   500 000003A4 6A 38                           	PUSH	56
   501 000003A6 6A 40                           	PUSH	64
   502 000003A8 FF B5 FFFFFC6C                  	PUSH	DWORD [-916+EBP]
   503 000003AE E8 [00000000]                   	CALL	_sheet_slide
   504 000003B3 FF B5 FFFFFC8C                  	PUSH	DWORD [-884+EBP]
   505 000003B9 FF B5 FFFFFC90                  	PUSH	DWORD [-880+EBP]
   506 000003BF FF B5 FFFFFC70                  	PUSH	DWORD [-912+EBP]
   507 000003C5 E8 [00000000]                   	CALL	_sheet_slide
   508 000003CA 83 C4 24                        	ADD	ESP,36
   509 000003CD 6A 00                           	PUSH	0
   510 000003CF FF B5 FFFFFC74                  	PUSH	DWORD [-908+EBP]
   511 000003D5 E8 [00000000]                   	CALL	_sheet_updown
   512 000003DA 6A 01                           	PUSH	1
   513 000003DC FF B5 FFFFFC68                  	PUSH	DWORD [-920+EBP]
   514 000003E2 E8 [00000000]                   	CALL	_sheet_updown
   515 000003E7 6A 02                           	PUSH	2
   516 000003E9 FF B5 FFFFFC6C                  	PUSH	DWORD [-916+EBP]
   517 000003EF E8 [00000000]                   	CALL	_sheet_updown
   518 000003F4 6A 03                           	PUSH	3
   519 000003F6 FF B5 FFFFFC70                  	PUSH	DWORD [-912+EBP]
   520 000003FC E8 [00000000]                   	CALL	_sheet_updown
   521 00000401 83 C4 20                        	ADD	ESP,32
   522 00000404                                 L2:
   523 00000404 8D 75 D4                        	LEA	ESI,DWORD [-44+EBP]
   524 00000407 E8 [00000000]                   	CALL	_io_cli
   525 0000040C 56                              	PUSH	ESI
   526 0000040D E8 [00000000]                   	CALL	_fifo32_status
   527 00000412 5A                              	POP	EDX
   528 00000413 85 C0                           	TEST	EAX,EAX
   529 00000415 0F 84 00000518                  	JE	L54
   530 0000041B 56                              	PUSH	ESI
   531 0000041C E8 [00000000]                   	CALL	_fifo32_get
   532 00000421 89 C3                           	MOV	EBX,EAX
   533 00000423 E8 [00000000]                   	CALL	_io_sti
   534 00000428 59                              	POP	ECX
   535 00000429 8D 83 FFFFFF00                  	LEA	EAX,DWORD [-256+EBX]
   536 0000042F 3D 000000FF                     	CMP	EAX,255
   537 00000434 0F 86 000001B3                  	JBE	L55
   538 0000043A 8D 83 FFFFFE00                  	LEA	EAX,DWORD [-512+EBX]
   539 00000440 3D 000000FF                     	CMP	EAX,255
   540 00000445 0F 86 000000CD                  	JBE	L56
   541 0000044B 83 FB 01                        	CMP	EBX,1
   542 0000044E 7F B4                           	JG	L2
   543 00000450 85 DB                           	TEST	EBX,EBX
   544 00000452 0F 84 00000093                  	JE	L47
   545 00000458 6A 00                           	PUSH	0
   546 0000045A 56                              	PUSH	ESI
   547 0000045B FF B5 FFFFFC60                  	PUSH	DWORD [-928+EBP]
   548 00000461 E8 [00000000]                   	CALL	_timer_init
   549 00000466 83 C4 0C                        	ADD	ESP,12
   550 00000469 83 BD FFFFFC84 00               	CMP	DWORD [-892+EBP],0
   551 00000470 78 0A                           	JS	L49
   552 00000472 C7 85 FFFFFC84 00000000         	MOV	DWORD [-892+EBP],0
   553 0000047C                                 L49:
   554 0000047C 6A 32                           	PUSH	50
   555 0000047E FF B5 FFFFFC60                  	PUSH	DWORD [-928+EBP]
   556 00000484 E8 [00000000]                   	CALL	_timer_settime
   557 00000489 58                              	POP	EAX
   558 0000048A 5A                              	POP	EDX
   559 0000048B 83 BD FFFFFC84 00               	CMP	DWORD [-892+EBP],0
   560 00000492 0F 88 FFFFFF6C                  	JS	L2
   561 00000498 8B 85 FFFFFC88                  	MOV	EAX,DWORD [-888+EBP]
   562 0000049E 6A 2B                           	PUSH	43
   563 000004A0 83 C0 07                        	ADD	EAX,7
   564 000004A3 8B 95 FFFFFC6C                  	MOV	EDX,DWORD [-916+EBP]
   565 000004A9 50                              	PUSH	EAX
   566 000004AA 6A 1C                           	PUSH	28
   567 000004AC FF B5 FFFFFC88                  	PUSH	DWORD [-888+EBP]
   568 000004B2 0F B6 85 FFFFFC84               	MOVZX	EAX,BYTE [-892+EBP]
   569 000004B9 50                              	PUSH	EAX
   570 000004BA FF 72 04                        	PUSH	DWORD [4+EDX]
   571 000004BD FF 32                           	PUSH	DWORD [EDX]
   572 000004BF E8 [00000000]                   	CALL	_boxfill8
   573 000004C4 8B 85 FFFFFC88                  	MOV	EAX,DWORD [-888+EBP]
   574 000004CA 6A 2C                           	PUSH	44
   575 000004CC 83 C0 08                        	ADD	EAX,8
   576 000004CF 50                              	PUSH	EAX
   577 000004D0 6A 1C                           	PUSH	28
   578 000004D2 FF B5 FFFFFC88                  	PUSH	DWORD [-888+EBP]
   579 000004D8 FF B5 FFFFFC6C                  	PUSH	DWORD [-916+EBP]
   580 000004DE E8 [00000000]                   	CALL	_sheet_refresh
   581 000004E3 83 C4 30                        	ADD	ESP,48
   582 000004E6 E9 FFFFFF19                     	JMP	L2
   583 000004EB                                 L47:
   584 000004EB 6A 01                           	PUSH	1
   585 000004ED 56                              	PUSH	ESI
   586 000004EE FF B5 FFFFFC60                  	PUSH	DWORD [-928+EBP]
   587 000004F4 E8 [00000000]                   	CALL	_timer_init
   588 000004F9 83 C4 0C                        	ADD	ESP,12
   589 000004FC 83 BD FFFFFC84 00               	CMP	DWORD [-892+EBP],0
   590 00000503 0F 88 FFFFFF73                  	JS	L49
   591 00000509 C7 85 FFFFFC84 00000007         	MOV	DWORD [-892+EBP],7
   592 00000513 E9 FFFFFF64                     	JMP	L49
   593 00000518                                 L56:
   594 00000518 0F B6 C3                        	MOVZX	EAX,BL
   595 0000051B 50                              	PUSH	EAX
   596 0000051C 8D 85 FFFFFD94                  	LEA	EAX,DWORD [-620+EBP]
   597 00000522 50                              	PUSH	EAX
   598 00000523 E8 [00000000]                   	CALL	_mouse_decode
   599 00000528 59                              	POP	ECX
   600 00000529 5B                              	POP	EBX
   601 0000052A 85 C0                           	TEST	EAX,EAX
   602 0000052C 0F 84 FFFFFED2                  	JE	L2
   603 00000532 8B 85 FFFFFDA0                  	MOV	EAX,DWORD [-608+EBP]
   604 00000538 89 C2                           	MOV	EDX,EAX
   605 0000053A 83 E2 01                        	AND	EDX,1
   606 0000053D 74 04                           	JE	L37
   607 0000053F C6 45 A5 4C                     	MOV	BYTE [-91+EBP],76
   608 00000543                                 L37:
   609 00000543 A9 00000002                     	TEST	EAX,2
   610 00000548 74 04                           	JE	L38
   611 0000054A C6 45 A7 52                     	MOV	BYTE [-89+EBP],82
   612 0000054E                                 L38:
   613 0000054E 83 E0 04                        	AND	EAX,4
   614 00000551 74 04                           	JE	L39
   615 00000553 C6 45 A6 43                     	MOV	BYTE [-90+EBP],67
   616 00000557                                 L39:
   617 00000557 8B 85 FFFFFD9C                  	MOV	EAX,DWORD [-612+EBP]
   618 0000055D 01 85 FFFFFC8C                  	ADD	DWORD [-884+EBP],EAX
   619 00000563 8B 85 FFFFFD98                  	MOV	EAX,DWORD [-616+EBP]
   620 00000569 01 85 FFFFFC90                  	ADD	DWORD [-880+EBP],EAX
   621 0000056F 78 70                           	JS	L57
   622 00000571                                 L40:
   623 00000571 83 BD FFFFFC8C 00               	CMP	DWORD [-884+EBP],0
   624 00000578 78 5B                           	JS	L58
   625 0000057A                                 L41:
   626 0000057A 0F BF 05 00000FF4               	MOVSX	EAX,WORD [4084]
   627 00000581 48                              	DEC	EAX
   628 00000582 39 85 FFFFFC90                  	CMP	DWORD [-880+EBP],EAX
   629 00000588 7E 06                           	JLE	L42
   630 0000058A 89 85 FFFFFC90                  	MOV	DWORD [-880+EBP],EAX
   631 00000590                                 L42:
   632 00000590 0F BF 05 00000FF6               	MOVSX	EAX,WORD [4086]
   633 00000597 48                              	DEC	EAX
   634 00000598 39 85 FFFFFC8C                  	CMP	DWORD [-884+EBP],EAX
   635 0000059E 7E 06                           	JLE	L43
   636 000005A0 89 85 FFFFFC8C                  	MOV	DWORD [-884+EBP],EAX
   637 000005A6                                 L43:
   638 000005A6 85 D2                           	TEST	EDX,EDX
   639 000005A8 0F 84 FFFFFE56                  	JE	L2
   640 000005AE 8B 85 FFFFFC8C                  	MOV	EAX,DWORD [-884+EBP]
   641 000005B4 83 E8 08                        	SUB	EAX,8
   642 000005B7 50                              	PUSH	EAX
   643 000005B8 8B 85 FFFFFC90                  	MOV	EAX,DWORD [-880+EBP]
   644 000005BE 83 E8 50                        	SUB	EAX,80
   645 000005C1 50                              	PUSH	EAX
   646 000005C2 FF B5 FFFFFC6C                  	PUSH	DWORD [-916+EBP]
   647 000005C8 E8 [00000000]                   	CALL	_sheet_slide
   648 000005CD 83 C4 0C                        	ADD	ESP,12
   649 000005D0 E9 FFFFFE2F                     	JMP	L2
   650 000005D5                                 L58:
   651 000005D5 C7 85 FFFFFC8C 00000000         	MOV	DWORD [-884+EBP],0
   652 000005DF EB 99                           	JMP	L41
   653 000005E1                                 L57:
   654 000005E1 C7 85 FFFFFC90 00000000         	MOV	DWORD [-880+EBP],0
   655 000005EB EB 84                           	JMP	L40
   656 000005ED                                 L55:
   657 000005ED 81 FB 0000017F                  	CMP	EBX,383
   658 000005F3 0F 8F 00000331                  	JG	L8
   659 000005F9 83 BD FFFFFC58 00               	CMP	DWORD [-936+EBP],0
   660 00000600 0F 85 00000319                  	JNE	L9
   661 00000606 8A 83 [FFFFFF00]                	MOV	AL,BYTE [_keytable0.0-256+EBX]
   662 0000060C                                 L53:
   663 0000060C 88 45 A4                        	MOV	BYTE [-92+EBP],AL
   664 0000060F                                 L11:
   665 0000060F 8A 55 A4                        	MOV	DL,BYTE [-92+EBP]
   666 00000612 8D 42 BF                        	LEA	EAX,DWORD [-65+EDX]
   667 00000615 3C 19                           	CMP	AL,25
   668 00000617 77 1D                           	JA	L12
   669 00000619 F7 85 FFFFFC54 00000004         	TEST	DWORD [-940+EBP],4
   670 00000623 0F 85 000002E7                  	JNE	L52
   671 00000629 83 BD FFFFFC58 00               	CMP	DWORD [-936+EBP],0
   672 00000630 0F 84 000002CF                  	JE	L14
   673 00000636                                 L12:
   674 00000636 8A 45 A4                        	MOV	AL,BYTE [-92+EBP]
   675 00000639 84 C0                           	TEST	AL,AL
   676 0000063B 74 41                           	JE	L16
   677 0000063D 83 BD FFFFFC5C 00               	CMP	DWORD [-932+EBP],0
   678 00000644 0F 85 000002A2                  	JNE	L17
   679 0000064A 83 BD FFFFFC88 7F               	CMP	DWORD [-888+EBP],127
   680 00000651 7F 2B                           	JG	L16
   681 00000653 6A 01                           	PUSH	1
   682 00000655 8D 45 A4                        	LEA	EAX,DWORD [-92+EBP]
   683 00000658 50                              	PUSH	EAX
   684 00000659 6A 07                           	PUSH	7
   685 0000065B 6A 00                           	PUSH	0
   686 0000065D 6A 1C                           	PUSH	28
   687 0000065F FF B5 FFFFFC88                  	PUSH	DWORD [-888+EBP]
   688 00000665 FF B5 FFFFFC6C                  	PUSH	DWORD [-916+EBP]
   689 0000066B C6 45 A5 00                     	MOV	BYTE [-91+EBP],0
   690 0000066F E8 [00000000]                   	CALL	_putfonts8_asc_sht
   691 00000674 83 C4 1C                        	ADD	ESP,28
   692 00000677 83 85 FFFFFC88 08               	ADD	DWORD [-888+EBP],8
   693 0000067E                                 L16:
   694 0000067E 81 FB 0000010E                  	CMP	EBX,270
   695 00000684 0F 84 0000020A                  	JE	L59
   696 0000068A                                 L20:
   697 0000068A 81 FB 0000011C                  	CMP	EBX,284
   698 00000690 0F 84 000001DC                  	JE	L60
   699 00000696                                 L24:
   700 00000696 81 FB 0000010F                  	CMP	EBX,271
   701 0000069C 0F 84 000000B1                  	JE	L61
   702 000006A2                                 L26:
   703 000006A2 81 FB 0000012A                  	CMP	EBX,298
   704 000006A8 0F 84 00000099                  	JE	L62
   705 000006AE                                 L29:
   706 000006AE 81 FB 00000136                  	CMP	EBX,310
   707 000006B4 0F 84 00000081                  	JE	L63
   708 000006BA                                 L30:
   709 000006BA 81 FB 000001AA                  	CMP	EBX,426
   710 000006C0 74 70                           	JE	L64
   711 000006C2                                 L31:
   712 000006C2 81 FB 000001B6                  	CMP	EBX,438
   713 000006C8 74 5F                           	JE	L65
   714 000006CA                                 L32:
   715 000006CA 83 BD FFFFFC84 00               	CMP	DWORD [-892+EBP],0
   716 000006D1 78 2F                           	JS	L33
   717 000006D3 8B 85 FFFFFC88                  	MOV	EAX,DWORD [-888+EBP]
   718 000006D9 6A 2B                           	PUSH	43
   719 000006DB 83 C0 07                        	ADD	EAX,7
   720 000006DE 8B 95 FFFFFC6C                  	MOV	EDX,DWORD [-916+EBP]
   721 000006E4 50                              	PUSH	EAX
   722 000006E5 6A 1C                           	PUSH	28
   723 000006E7 FF B5 FFFFFC88                  	PUSH	DWORD [-888+EBP]
   724 000006ED 0F B6 85 FFFFFC84               	MOVZX	EAX,BYTE [-892+EBP]
   725 000006F4 50                              	PUSH	EAX
   726 000006F5 FF 72 04                        	PUSH	DWORD [4+EDX]
   727 000006F8 FF 32                           	PUSH	DWORD [EDX]
   728 000006FA E8 [00000000]                   	CALL	_boxfill8
   729 000006FF 83 C4 1C                        	ADD	ESP,28
   730 00000702                                 L33:
   731 00000702 8B 85 FFFFFC88                  	MOV	EAX,DWORD [-888+EBP]
   732 00000708 6A 2C                           	PUSH	44
   733 0000070A 83 C0 08                        	ADD	EAX,8
   734 0000070D 50                              	PUSH	EAX
   735 0000070E 6A 1C                           	PUSH	28
   736 00000710 FF B5 FFFFFC88                  	PUSH	DWORD [-888+EBP]
   737 00000716 FF B5 FFFFFC6C                  	PUSH	DWORD [-916+EBP]
   738 0000071C E8 [00000000]                   	CALL	_sheet_refresh
   739 00000721 83 C4 14                        	ADD	ESP,20
   740 00000724 E9 FFFFFCDB                     	JMP	L2
   741 00000729                                 L65:
   742 00000729 83 A5 FFFFFC58 FD               	AND	DWORD [-936+EBP],-3
   743 00000730 EB 98                           	JMP	L32
   744 00000732                                 L64:
   745 00000732 83 A5 FFFFFC58 FE               	AND	DWORD [-936+EBP],-2
   746 00000739 EB 87                           	JMP	L31
   747 0000073B                                 L63:
   748 0000073B 83 8D FFFFFC58 01               	OR	DWORD [-936+EBP],1
   749 00000742 E9 FFFFFF73                     	JMP	L30
   750 00000747                                 L62:
   751 00000747 83 8D FFFFFC58 01               	OR	DWORD [-936+EBP],1
   752 0000074E E9 FFFFFF5B                     	JMP	L29
   753 00000753                                 L61:
   754 00000753 83 BD FFFFFC5C 00               	CMP	DWORD [-932+EBP],0
   755 0000075A 0F 85 000000B3                  	JNE	L27
   756 00000760 6A 00                           	PUSH	0
   757 00000762 8B 85 FFFFFC6C                  	MOV	EAX,DWORD [-916+EBP]
   758 00000768 68 [000000D4]                   	PUSH	LC0
   759 0000076D FF 70 04                        	PUSH	DWORD [4+EAX]
   760 00000770 FF B5 FFFFFC7C                  	PUSH	DWORD [-900+EBP]
   761 00000776 C7 85 FFFFFC5C 00000001         	MOV	DWORD [-932+EBP],1
   762 00000780 E8 [00000000]                   	CALL	_make_wtitle8
   763 00000785 8B 95 FFFFFC68                  	MOV	EDX,DWORD [-920+EBP]
   764 0000078B 6A 01                           	PUSH	1
   765 0000078D 68 [000000DB]                   	PUSH	LC1
   766 00000792 FF 72 04                        	PUSH	DWORD [4+EDX]
   767 00000795 FF B5 FFFFFC78                  	PUSH	DWORD [-904+EBP]
   768 0000079B E8 [00000000]                   	CALL	_make_wtitle8
   769 000007A0 8B 85 FFFFFC88                  	MOV	EAX,DWORD [-888+EBP]
   770 000007A6 83 C4 20                        	ADD	ESP,32
   771 000007A9 83 C0 07                        	ADD	EAX,7
   772 000007AC C7 85 FFFFFC84 FFFFFFFF         	MOV	DWORD [-892+EBP],-1
   773 000007B6 6A 2B                           	PUSH	43
   774 000007B8 50                              	PUSH	EAX
   775 000007B9 8B 85 FFFFFC6C                  	MOV	EAX,DWORD [-916+EBP]
   776 000007BF 6A 1C                           	PUSH	28
   777 000007C1 FF B5 FFFFFC88                  	PUSH	DWORD [-888+EBP]
   778 000007C7 6A 07                           	PUSH	7
   779 000007C9 FF 70 04                        	PUSH	DWORD [4+EAX]
   780 000007CC FF 30                           	PUSH	DWORD [EAX]
   781 000007CE E8 [00000000]                   	CALL	_boxfill8
   782 000007D3 8D 47 10                        	LEA	EAX,DWORD [16+EDI]
   783 000007D6 6A 02                           	PUSH	2
   784 000007D8 50                              	PUSH	EAX
   785 000007D9 E8 [00000000]                   	CALL	_fifo32_put
   786 000007DE 83 C4 24                        	ADD	ESP,36
   787 000007E1                                 L28:
   788 000007E1 8B 95 FFFFFC6C                  	MOV	EDX,DWORD [-916+EBP]
   789 000007E7 6A 15                           	PUSH	21
   790 000007E9 FF 72 04                        	PUSH	DWORD [4+EDX]
   791 000007EC 6A 00                           	PUSH	0
   792 000007EE 6A 00                           	PUSH	0
   793 000007F0 52                              	PUSH	EDX
   794 000007F1 E8 [00000000]                   	CALL	_sheet_refresh
   795 000007F6 8B 85 FFFFFC68                  	MOV	EAX,DWORD [-920+EBP]
   796 000007FC 6A 15                           	PUSH	21
   797 000007FE FF 70 04                        	PUSH	DWORD [4+EAX]
   798 00000801 6A 00                           	PUSH	0
   799 00000803 6A 00                           	PUSH	0
   800 00000805 50                              	PUSH	EAX
   801 00000806 E8 [00000000]                   	CALL	_sheet_refresh
   802 0000080B 83 C4 28                        	ADD	ESP,40
   803 0000080E E9 FFFFFE8F                     	JMP	L26
   804 00000813                                 L27:
   805 00000813 6A 01                           	PUSH	1
   806 00000815 8B 95 FFFFFC6C                  	MOV	EDX,DWORD [-916+EBP]
   807 0000081B 68 [000000D4]                   	PUSH	LC0
   808 00000820 FF 72 04                        	PUSH	DWORD [4+EDX]
   809 00000823 FF B5 FFFFFC7C                  	PUSH	DWORD [-900+EBP]
   810 00000829 C7 85 FFFFFC5C 00000000         	MOV	DWORD [-932+EBP],0
   811 00000833 E8 [00000000]                   	CALL	_make_wtitle8
   812 00000838 8B 85 FFFFFC68                  	MOV	EAX,DWORD [-920+EBP]
   813 0000083E 6A 00                           	PUSH	0
   814 00000840 68 [000000DB]                   	PUSH	LC1
   815 00000845 FF 70 04                        	PUSH	DWORD [4+EAX]
   816 00000848 FF B5 FFFFFC78                  	PUSH	DWORD [-904+EBP]
   817 0000084E E8 [00000000]                   	CALL	_make_wtitle8
   818 00000853 8D 47 10                        	LEA	EAX,DWORD [16+EDI]
   819 00000856 83 C4 20                        	ADD	ESP,32
   820 00000859 C7 85 FFFFFC84 00000000         	MOV	DWORD [-892+EBP],0
   821 00000863 6A 03                           	PUSH	3
   822 00000865 50                              	PUSH	EAX
   823 00000866 E8 [00000000]                   	CALL	_fifo32_put
   824 0000086B 5E                              	POP	ESI
   825 0000086C 58                              	POP	EAX
   826 0000086D E9 FFFFFF6F                     	JMP	L28
   827 00000872                                 L60:
   828 00000872 83 BD FFFFFC5C 00               	CMP	DWORD [-932+EBP],0
   829 00000879 0F 84 FFFFFE17                  	JE	L24
   830 0000087F 68 0000010A                     	PUSH	266
   831 00000884 8D 47 10                        	LEA	EAX,DWORD [16+EDI]
   832 00000887 50                              	PUSH	EAX
   833 00000888 E8 [00000000]                   	CALL	_fifo32_put
   834 0000088D 58                              	POP	EAX
   835 0000088E 5A                              	POP	EDX
   836 0000088F E9 FFFFFE02                     	JMP	L24
   837 00000894                                 L59:
   838 00000894 83 BD FFFFFC5C 00               	CMP	DWORD [-932+EBP],0
   839 0000089B 75 3A                           	JNE	L21
   840 0000089D 83 BD FFFFFC88 08               	CMP	DWORD [-888+EBP],8
   841 000008A4 0F 8E FFFFFDE0                  	JLE	L20
   842 000008AA 6A 01                           	PUSH	1
   843 000008AC 68 [000000E3]                   	PUSH	LC2
   844 000008B1 6A 07                           	PUSH	7
   845 000008B3 6A 00                           	PUSH	0
   846 000008B5 6A 1C                           	PUSH	28
   847 000008B7 FF B5 FFFFFC88                  	PUSH	DWORD [-888+EBP]
   848 000008BD FF B5 FFFFFC6C                  	PUSH	DWORD [-916+EBP]
   849 000008C3 E8 [00000000]                   	CALL	_putfonts8_asc_sht
   850 000008C8 83 C4 1C                        	ADD	ESP,28
   851 000008CB 83 AD FFFFFC88 08               	SUB	DWORD [-888+EBP],8
   852 000008D2 E9 FFFFFDB3                     	JMP	L20
   853 000008D7                                 L21:
   854 000008D7 68 00000108                     	PUSH	264
   855 000008DC 8D 47 10                        	LEA	EAX,DWORD [16+EDI]
   856 000008DF 50                              	PUSH	EAX
   857 000008E0 E8 [00000000]                   	CALL	_fifo32_put
   858 000008E5 59                              	POP	ECX
   859 000008E6 5E                              	POP	ESI
   860 000008E7 E9 FFFFFD9E                     	JMP	L20
   861 000008EC                                 L17:
   862 000008EC 0F BE C0                        	MOVSX	EAX,AL
   863 000008EF 05 00000100                     	ADD	EAX,256
   864 000008F4 50                              	PUSH	EAX
   865 000008F5 8D 47 10                        	LEA	EAX,DWORD [16+EDI]
   866 000008F8 50                              	PUSH	EAX
   867 000008F9 E8 [00000000]                   	CALL	_fifo32_put
   868 000008FE 58                              	POP	EAX
   869 000008FF 5A                              	POP	EDX
   870 00000900 E9 FFFFFD79                     	JMP	L16
   871 00000905                                 L14:
   872 00000905 8D 42 20                        	LEA	EAX,DWORD [32+EDX]
   873 00000908 88 45 A4                        	MOV	BYTE [-92+EBP],AL
   874 0000090B E9 FFFFFD26                     	JMP	L12
   875 00000910                                 L52:
   876 00000910 83 BD FFFFFC58 00               	CMP	DWORD [-936+EBP],0
   877 00000917 0F 84 FFFFFD19                  	JE	L12
   878 0000091D EB E6                           	JMP	L14
   879 0000091F                                 L9:
   880 0000091F 8A 83 [FFFFFF54]                	MOV	AL,BYTE [_keytable1.1-256+EBX]
   881 00000925 E9 FFFFFCE2                     	JMP	L53
   882 0000092A                                 L8:
   883 0000092A C6 45 A4 00                     	MOV	BYTE [-92+EBP],0
   884 0000092E E9 FFFFFCDC                     	JMP	L11
   885 00000933                                 L54:
   886 00000933 FF B5 FFFFFC64                  	PUSH	DWORD [-924+EBP]
   887 00000939 E8 [00000000]                   	CALL	_task_sleep
   888 0000093E E8 [00000000]                   	CALL	_io_sti
   889 00000943 5B                              	POP	EBX
   890 00000944 E9 FFFFFABB                     	JMP	L2
