     1 00000000                                 [FORMAT "WCOFF"]
     2 00000000                                 [INSTRSET "i486p"]
     3 00000000                                 [OPTIMIZE 1]
     4 00000000                                 [OPTION 1]
     5 00000000                                 [BITS 32]
     6 00000000                                 	EXTERN	_table_rgb.0
     7 00000000                                 	EXTERN	_hankaku
     8 00000000                                 	EXTERN	_sheet_refresh
     9 00000000                                 	EXTERN	_io_load_eflags
    10 00000000                                 	EXTERN	_io_cli
    11 00000000                                 	EXTERN	_io_out8
    12 00000000                                 	EXTERN	_io_store_eflags
    13 00000000                                 [FILE "graphic.c"]
    14                                          [SECTION .data]
    15 00000000                                 _table_rgb.0:
    16 00000000 00                              	DB	0
    17 00000001 00                              	DB	0
    18 00000002 00                              	DB	0
    19 00000003 FF                              	DB	-1
    20 00000004 00                              	DB	0
    21 00000005 00                              	DB	0
    22 00000006 00                              	DB	0
    23 00000007 FF                              	DB	-1
    24 00000008 00                              	DB	0
    25 00000009 FF                              	DB	-1
    26 0000000A FF                              	DB	-1
    27 0000000B 00                              	DB	0
    28 0000000C 00                              	DB	0
    29 0000000D 00                              	DB	0
    30 0000000E FF                              	DB	-1
    31 0000000F FF                              	DB	-1
    32 00000010 00                              	DB	0
    33 00000011 FF                              	DB	-1
    34 00000012 00                              	DB	0
    35 00000013 FF                              	DB	-1
    36 00000014 FF                              	DB	-1
    37 00000015 FF                              	DB	-1
    38 00000016 FF                              	DB	-1
    39 00000017 FF                              	DB	-1
    40 00000018 C6                              	DB	-58
    41 00000019 C6                              	DB	-58
    42 0000001A C6                              	DB	-58
    43 0000001B 84                              	DB	-124
    44 0000001C 00                              	DB	0
    45 0000001D 00                              	DB	0
    46 0000001E 00                              	DB	0
    47 0000001F 84                              	DB	-124
    48 00000020 00                              	DB	0
    49 00000021 84                              	DB	-124
    50 00000022 84                              	DB	-124
    51 00000023 00                              	DB	0
    52 00000024 00                              	DB	0
    53 00000025 00                              	DB	0
    54 00000026 84                              	DB	-124
    55 00000027 84                              	DB	-124
    56 00000028 00                              	DB	0
    57 00000029 84                              	DB	-124
    58 0000002A 00                              	DB	0
    59 0000002B 84                              	DB	-124
    60 0000002C 84                              	DB	-124
    61 0000002D 84                              	DB	-124
    62 0000002E 84                              	DB	-124
    63 0000002F 84                              	DB	-124
    64                                          [SECTION .text]
    65 00000000                                 	GLOBAL	_init_palette
    66 00000000                                 _init_palette:
    67 00000000 55                              	PUSH	EBP
    68 00000001 89 E5                           	MOV	EBP,ESP
    69 00000003 68 [00000000]                   	PUSH	_table_rgb.0
    70 00000008 6A 0F                           	PUSH	15
    71 0000000A 6A 00                           	PUSH	0
    72 0000000C E8 00000848                     	CALL	_set_palette
    73 00000011 C9                              	LEAVE
    74 00000012 C3                              	RET
    75 00000013                                 	GLOBAL	_init_screen
    76 00000013                                 _init_screen:
    77 00000013 55                              	PUSH	EBP
    78 00000014 89 E5                           	MOV	EBP,ESP
    79 00000016 57                              	PUSH	EDI
    80 00000017 56                              	PUSH	ESI
    81 00000018 53                              	PUSH	EBX
    82 00000019 83 EC 14                        	SUB	ESP,20
    83 0000001C 8B 45 10                        	MOV	EAX,DWORD [16+EBP]
    84 0000001F 8B 75 0C                        	MOV	ESI,DWORD [12+EBP]
    85 00000022 83 E8 1D                        	SUB	EAX,29
    86 00000025 4E                              	DEC	ESI
    87 00000026 50                              	PUSH	EAX
    88 00000027 56                              	PUSH	ESI
    89 00000028 6A 00                           	PUSH	0
    90 0000002A 6A 00                           	PUSH	0
    91 0000002C 6A 0E                           	PUSH	14
    92 0000002E FF 75 0C                        	PUSH	DWORD [12+EBP]
    93 00000031 FF 75 08                        	PUSH	DWORD [8+EBP]
    94 00000034 E8 00000474                     	CALL	_BoxFill8
    95 00000039 8B 45 10                        	MOV	EAX,DWORD [16+EBP]
    96 0000003C 83 E8 1C                        	SUB	EAX,28
    97 0000003F 50                              	PUSH	EAX
    98 00000040 56                              	PUSH	ESI
    99 00000041 50                              	PUSH	EAX
   100 00000042 6A 00                           	PUSH	0
   101 00000044 6A 08                           	PUSH	8
   102 00000046 FF 75 0C                        	PUSH	DWORD [12+EBP]
   103 00000049 FF 75 08                        	PUSH	DWORD [8+EBP]
   104 0000004C E8 0000045C                     	CALL	_BoxFill8
   105 00000051 8B 45 10                        	MOV	EAX,DWORD [16+EBP]
   106 00000054 83 C4 38                        	ADD	ESP,56
   107 00000057 83 E8 1B                        	SUB	EAX,27
   108 0000005A 50                              	PUSH	EAX
   109 0000005B 56                              	PUSH	ESI
   110 0000005C 50                              	PUSH	EAX
   111 0000005D 6A 00                           	PUSH	0
   112 0000005F 6A 07                           	PUSH	7
   113 00000061 FF 75 0C                        	PUSH	DWORD [12+EBP]
   114 00000064 FF 75 08                        	PUSH	DWORD [8+EBP]
   115 00000067 E8 00000441                     	CALL	_BoxFill8
   116 0000006C 8B 45 10                        	MOV	EAX,DWORD [16+EBP]
   117 0000006F 48                              	DEC	EAX
   118 00000070 50                              	PUSH	EAX
   119 00000071 8B 45 10                        	MOV	EAX,DWORD [16+EBP]
   120 00000074 56                              	PUSH	ESI
   121 00000075 83 E8 1A                        	SUB	EAX,26
   122 00000078 50                              	PUSH	EAX
   123 00000079 6A 00                           	PUSH	0
   124 0000007B 6A 08                           	PUSH	8
   125 0000007D FF 75 0C                        	PUSH	DWORD [12+EBP]
   126 00000080 FF 75 08                        	PUSH	DWORD [8+EBP]
   127 00000083 E8 00000425                     	CALL	_BoxFill8
   128 00000088 8B 45 10                        	MOV	EAX,DWORD [16+EBP]
   129 0000008B 83 C4 38                        	ADD	ESP,56
   130 0000008E 83 E8 18                        	SUB	EAX,24
   131 00000091 89 45 F0                        	MOV	DWORD [-16+EBP],EAX
   132 00000094 50                              	PUSH	EAX
   133 00000095 6A 3B                           	PUSH	59
   134 00000097 50                              	PUSH	EAX
   135 00000098 6A 03                           	PUSH	3
   136 0000009A 6A 07                           	PUSH	7
   137 0000009C FF 75 0C                        	PUSH	DWORD [12+EBP]
   138 0000009F FF 75 08                        	PUSH	DWORD [8+EBP]
   139 000000A2 E8 00000406                     	CALL	_BoxFill8
   140 000000A7 8B 45 10                        	MOV	EAX,DWORD [16+EBP]
   141 000000AA 83 E8 04                        	SUB	EAX,4
   142 000000AD 50                              	PUSH	EAX
   143 000000AE 89 45 EC                        	MOV	DWORD [-20+EBP],EAX
   144 000000B1 6A 02                           	PUSH	2
   145 000000B3 FF 75 F0                        	PUSH	DWORD [-16+EBP]
   146 000000B6 6A 02                           	PUSH	2
   147 000000B8 6A 07                           	PUSH	7
   148 000000BA FF 75 0C                        	PUSH	DWORD [12+EBP]
   149 000000BD FF 75 08                        	PUSH	DWORD [8+EBP]
   150 000000C0 E8 000003E8                     	CALL	_BoxFill8
   151 000000C5 83 C4 38                        	ADD	ESP,56
   152 000000C8 FF 75 EC                        	PUSH	DWORD [-20+EBP]
   153 000000CB 6A 3B                           	PUSH	59
   154 000000CD FF 75 EC                        	PUSH	DWORD [-20+EBP]
   155 000000D0 6A 03                           	PUSH	3
   156 000000D2 6A 0F                           	PUSH	15
   157 000000D4 FF 75 0C                        	PUSH	DWORD [12+EBP]
   158 000000D7 FF 75 08                        	PUSH	DWORD [8+EBP]
   159 000000DA E8 000003CE                     	CALL	_BoxFill8
   160 000000DF 8B 45 10                        	MOV	EAX,DWORD [16+EBP]
   161 000000E2 83 E8 05                        	SUB	EAX,5
   162 000000E5 50                              	PUSH	EAX
   163 000000E6 8B 45 10                        	MOV	EAX,DWORD [16+EBP]
   164 000000E9 6A 3B                           	PUSH	59
   165 000000EB 83 E8 17                        	SUB	EAX,23
   166 000000EE 50                              	PUSH	EAX
   167 000000EF 89 45 E8                        	MOV	DWORD [-24+EBP],EAX
   168 000000F2 6A 3B                           	PUSH	59
   169 000000F4 6A 0F                           	PUSH	15
   170 000000F6 FF 75 0C                        	PUSH	DWORD [12+EBP]
   171 000000F9 FF 75 08                        	PUSH	DWORD [8+EBP]
   172 000000FC E8 000003AC                     	CALL	_BoxFill8
   173 00000101 8B 7D 10                        	MOV	EDI,DWORD [16+EBP]
   174 00000104 83 C4 38                        	ADD	ESP,56
   175 00000107 83 EF 03                        	SUB	EDI,3
   176 0000010A 57                              	PUSH	EDI
   177 0000010B 6A 3B                           	PUSH	59
   178 0000010D 57                              	PUSH	EDI
   179 0000010E 6A 02                           	PUSH	2
   180 00000110 6A 00                           	PUSH	0
   181 00000112 FF 75 0C                        	PUSH	DWORD [12+EBP]
   182 00000115 FF 75 08                        	PUSH	DWORD [8+EBP]
   183 00000118 E8 00000390                     	CALL	_BoxFill8
   184 0000011D 57                              	PUSH	EDI
   185 0000011E 6A 3C                           	PUSH	60
   186 00000120 FF 75 F0                        	PUSH	DWORD [-16+EBP]
   187 00000123 6A 3C                           	PUSH	60
   188 00000125 6A 00                           	PUSH	0
   189 00000127 FF 75 0C                        	PUSH	DWORD [12+EBP]
   190 0000012A FF 75 08                        	PUSH	DWORD [8+EBP]
   191 0000012D E8 0000037B                     	CALL	_BoxFill8
   192 00000132 8B 5D 0C                        	MOV	EBX,DWORD [12+EBP]
   193 00000135 83 C4 38                        	ADD	ESP,56
   194 00000138 8B 45 10                        	MOV	EAX,DWORD [16+EBP]
   195 0000013B 83 E8 19                        	SUB	EAX,25
   196 0000013E 83 EB 2F                        	SUB	EBX,47
   197 00000141 50                              	PUSH	EAX
   198 00000142 89 45 E4                        	MOV	DWORD [-28+EBP],EAX
   199 00000145 8B 45 0C                        	MOV	EAX,DWORD [12+EBP]
   200 00000148 83 E8 04                        	SUB	EAX,4
   201 0000014B 50                              	PUSH	EAX
   202 0000014C 89 45 E0                        	MOV	DWORD [-32+EBP],EAX
   203 0000014F FF 75 E4                        	PUSH	DWORD [-28+EBP]
   204 00000152 53                              	PUSH	EBX
   205 00000153 6A 00                           	PUSH	0
   206 00000155 FF 75 0C                        	PUSH	DWORD [12+EBP]
   207 00000158 FF 75 08                        	PUSH	DWORD [8+EBP]
   208 0000015B E8 0000034D                     	CALL	_BoxFill8
   209 00000160 8B 45 0C                        	MOV	EAX,DWORD [12+EBP]
   210 00000163 57                              	PUSH	EDI
   211 00000164 83 E8 2E                        	SUB	EAX,46
   212 00000167 50                              	PUSH	EAX
   213 00000168 FF 75 E4                        	PUSH	DWORD [-28+EBP]
   214 0000016B 50                              	PUSH	EAX
   215 0000016C 6A 00                           	PUSH	0
   216 0000016E FF 75 0C                        	PUSH	DWORD [12+EBP]
   217 00000171 FF 75 08                        	PUSH	DWORD [8+EBP]
   218 00000174 E8 00000334                     	CALL	_BoxFill8
   219 00000179 83 C4 38                        	ADD	ESP,56
   220 0000017C FF 75 F0                        	PUSH	DWORD [-16+EBP]
   221 0000017F FF 75 E0                        	PUSH	DWORD [-32+EBP]
   222 00000182 FF 75 F0                        	PUSH	DWORD [-16+EBP]
   223 00000185 53                              	PUSH	EBX
   224 00000186 6A 0F                           	PUSH	15
   225 00000188 FF 75 0C                        	PUSH	DWORD [12+EBP]
   226 0000018B FF 75 08                        	PUSH	DWORD [8+EBP]
   227 0000018E E8 0000031A                     	CALL	_BoxFill8
   228 00000193 FF 75 EC                        	PUSH	DWORD [-20+EBP]
   229 00000196 53                              	PUSH	EBX
   230 00000197 FF 75 E8                        	PUSH	DWORD [-24+EBP]
   231 0000019A 53                              	PUSH	EBX
   232 0000019B 6A 0F                           	PUSH	15
   233 0000019D FF 75 0C                        	PUSH	DWORD [12+EBP]
   234 000001A0 FF 75 08                        	PUSH	DWORD [8+EBP]
   235 000001A3 E8 00000305                     	CALL	_BoxFill8
   236 000001A8 83 C4 38                        	ADD	ESP,56
   237 000001AB 57                              	PUSH	EDI
   238 000001AC FF 75 E0                        	PUSH	DWORD [-32+EBP]
   239 000001AF 57                              	PUSH	EDI
   240 000001B0 53                              	PUSH	EBX
   241 000001B1 6A 07                           	PUSH	7
   242 000001B3 FF 75 0C                        	PUSH	DWORD [12+EBP]
   243 000001B6 FF 75 08                        	PUSH	DWORD [8+EBP]
   244 000001B9 E8 000002EF                     	CALL	_BoxFill8
   245 000001BE 8B 45 0C                        	MOV	EAX,DWORD [12+EBP]
   246 000001C1 57                              	PUSH	EDI
   247 000001C2 83 E8 03                        	SUB	EAX,3
   248 000001C5 50                              	PUSH	EAX
   249 000001C6 FF 75 F0                        	PUSH	DWORD [-16+EBP]
   250 000001C9 50                              	PUSH	EAX
   251 000001CA 6A 07                           	PUSH	7
   252 000001CC FF 75 0C                        	PUSH	DWORD [12+EBP]
   253 000001CF FF 75 08                        	PUSH	DWORD [8+EBP]
   254 000001D2 E8 000002D6                     	CALL	_BoxFill8
   255 000001D7 8D 65 F4                        	LEA	ESP,DWORD [-12+EBP]
   256 000001DA 5B                              	POP	EBX
   257 000001DB 5E                              	POP	ESI
   258 000001DC 5F                              	POP	EDI
   259 000001DD 5D                              	POP	EBP
   260 000001DE C3                              	RET
   261 000001DF                                 	GLOBAL	_init_screen8
   262 000001DF                                 _init_screen8:
   263 000001DF 55                              	PUSH	EBP
   264 000001E0 89 E5                           	MOV	EBP,ESP
   265 000001E2 57                              	PUSH	EDI
   266 000001E3 56                              	PUSH	ESI
   267 000001E4 53                              	PUSH	EBX
   268 000001E5 83 EC 14                        	SUB	ESP,20
   269 000001E8 8B 45 10                        	MOV	EAX,DWORD [16+EBP]
   270 000001EB 8B 75 0C                        	MOV	ESI,DWORD [12+EBP]
   271 000001EE 83 E8 1D                        	SUB	EAX,29
   272 000001F1 4E                              	DEC	ESI
   273 000001F2 50                              	PUSH	EAX
   274 000001F3 56                              	PUSH	ESI
   275 000001F4 6A 00                           	PUSH	0
   276 000001F6 6A 00                           	PUSH	0
   277 000001F8 6A 0E                           	PUSH	14
   278 000001FA FF 75 0C                        	PUSH	DWORD [12+EBP]
   279 000001FD FF 75 08                        	PUSH	DWORD [8+EBP]
   280 00000200 E8 000002A8                     	CALL	_BoxFill8
   281 00000205 8B 45 10                        	MOV	EAX,DWORD [16+EBP]
   282 00000208 83 E8 1C                        	SUB	EAX,28
   283 0000020B 50                              	PUSH	EAX
   284 0000020C 56                              	PUSH	ESI
   285 0000020D 50                              	PUSH	EAX
   286 0000020E 6A 00                           	PUSH	0
   287 00000210 6A 08                           	PUSH	8
   288 00000212 FF 75 0C                        	PUSH	DWORD [12+EBP]
   289 00000215 FF 75 08                        	PUSH	DWORD [8+EBP]
   290 00000218 E8 00000290                     	CALL	_BoxFill8
   291 0000021D 8B 45 10                        	MOV	EAX,DWORD [16+EBP]
   292 00000220 83 C4 38                        	ADD	ESP,56
   293 00000223 83 E8 1B                        	SUB	EAX,27
   294 00000226 50                              	PUSH	EAX
   295 00000227 56                              	PUSH	ESI
   296 00000228 50                              	PUSH	EAX
   297 00000229 6A 00                           	PUSH	0
   298 0000022B 6A 07                           	PUSH	7
   299 0000022D FF 75 0C                        	PUSH	DWORD [12+EBP]
   300 00000230 FF 75 08                        	PUSH	DWORD [8+EBP]
   301 00000233 E8 00000275                     	CALL	_BoxFill8
   302 00000238 8B 45 10                        	MOV	EAX,DWORD [16+EBP]
   303 0000023B 48                              	DEC	EAX
   304 0000023C 50                              	PUSH	EAX
   305 0000023D 8B 45 10                        	MOV	EAX,DWORD [16+EBP]
   306 00000240 56                              	PUSH	ESI
   307 00000241 83 E8 1A                        	SUB	EAX,26
   308 00000244 50                              	PUSH	EAX
   309 00000245 6A 00                           	PUSH	0
   310 00000247 6A 08                           	PUSH	8
   311 00000249 FF 75 0C                        	PUSH	DWORD [12+EBP]
   312 0000024C FF 75 08                        	PUSH	DWORD [8+EBP]
   313 0000024F E8 00000259                     	CALL	_BoxFill8
   314 00000254 8B 45 10                        	MOV	EAX,DWORD [16+EBP]
   315 00000257 83 C4 38                        	ADD	ESP,56
   316 0000025A 83 E8 18                        	SUB	EAX,24
   317 0000025D 89 45 F0                        	MOV	DWORD [-16+EBP],EAX
   318 00000260 50                              	PUSH	EAX
   319 00000261 6A 3B                           	PUSH	59
   320 00000263 50                              	PUSH	EAX
   321 00000264 6A 03                           	PUSH	3
   322 00000266 6A 07                           	PUSH	7
   323 00000268 FF 75 0C                        	PUSH	DWORD [12+EBP]
   324 0000026B FF 75 08                        	PUSH	DWORD [8+EBP]
   325 0000026E E8 0000023A                     	CALL	_BoxFill8
   326 00000273 8B 45 10                        	MOV	EAX,DWORD [16+EBP]
   327 00000276 83 E8 04                        	SUB	EAX,4
   328 00000279 50                              	PUSH	EAX
   329 0000027A 89 45 EC                        	MOV	DWORD [-20+EBP],EAX
   330 0000027D 6A 02                           	PUSH	2
   331 0000027F FF 75 F0                        	PUSH	DWORD [-16+EBP]
   332 00000282 6A 02                           	PUSH	2
   333 00000284 6A 07                           	PUSH	7
   334 00000286 FF 75 0C                        	PUSH	DWORD [12+EBP]
   335 00000289 FF 75 08                        	PUSH	DWORD [8+EBP]
   336 0000028C E8 0000021C                     	CALL	_BoxFill8
   337 00000291 83 C4 38                        	ADD	ESP,56
   338 00000294 FF 75 EC                        	PUSH	DWORD [-20+EBP]
   339 00000297 6A 3B                           	PUSH	59
   340 00000299 FF 75 EC                        	PUSH	DWORD [-20+EBP]
   341 0000029C 6A 03                           	PUSH	3
   342 0000029E 6A 0F                           	PUSH	15
   343 000002A0 FF 75 0C                        	PUSH	DWORD [12+EBP]
   344 000002A3 FF 75 08                        	PUSH	DWORD [8+EBP]
   345 000002A6 E8 00000202                     	CALL	_BoxFill8
   346 000002AB 8B 45 10                        	MOV	EAX,DWORD [16+EBP]
   347 000002AE 83 E8 05                        	SUB	EAX,5
   348 000002B1 50                              	PUSH	EAX
   349 000002B2 8B 45 10                        	MOV	EAX,DWORD [16+EBP]
   350 000002B5 6A 3B                           	PUSH	59
   351 000002B7 83 E8 17                        	SUB	EAX,23
   352 000002BA 50                              	PUSH	EAX
   353 000002BB 89 45 E8                        	MOV	DWORD [-24+EBP],EAX
   354 000002BE 6A 3B                           	PUSH	59
   355 000002C0 6A 0F                           	PUSH	15
   356 000002C2 FF 75 0C                        	PUSH	DWORD [12+EBP]
   357 000002C5 FF 75 08                        	PUSH	DWORD [8+EBP]
   358 000002C8 E8 000001E0                     	CALL	_BoxFill8
   359 000002CD 8B 7D 10                        	MOV	EDI,DWORD [16+EBP]
   360 000002D0 83 C4 38                        	ADD	ESP,56
   361 000002D3 83 EF 03                        	SUB	EDI,3
   362 000002D6 57                              	PUSH	EDI
   363 000002D7 6A 3B                           	PUSH	59
   364 000002D9 57                              	PUSH	EDI
   365 000002DA 6A 02                           	PUSH	2
   366 000002DC 6A 00                           	PUSH	0
   367 000002DE FF 75 0C                        	PUSH	DWORD [12+EBP]
   368 000002E1 FF 75 08                        	PUSH	DWORD [8+EBP]
   369 000002E4 E8 000001C4                     	CALL	_BoxFill8
   370 000002E9 57                              	PUSH	EDI
   371 000002EA 6A 3C                           	PUSH	60
   372 000002EC FF 75 F0                        	PUSH	DWORD [-16+EBP]
   373 000002EF 6A 3C                           	PUSH	60
   374 000002F1 6A 00                           	PUSH	0
   375 000002F3 FF 75 0C                        	PUSH	DWORD [12+EBP]
   376 000002F6 FF 75 08                        	PUSH	DWORD [8+EBP]
   377 000002F9 E8 000001AF                     	CALL	_BoxFill8
   378 000002FE 8B 5D 0C                        	MOV	EBX,DWORD [12+EBP]
   379 00000301 83 C4 38                        	ADD	ESP,56
   380 00000304 8B 45 10                        	MOV	EAX,DWORD [16+EBP]
   381 00000307 83 E8 19                        	SUB	EAX,25
   382 0000030A 83 EB 2F                        	SUB	EBX,47
   383 0000030D 50                              	PUSH	EAX
   384 0000030E 89 45 E4                        	MOV	DWORD [-28+EBP],EAX
   385 00000311 8B 45 0C                        	MOV	EAX,DWORD [12+EBP]
   386 00000314 83 E8 04                        	SUB	EAX,4
   387 00000317 50                              	PUSH	EAX
   388 00000318 89 45 E0                        	MOV	DWORD [-32+EBP],EAX
   389 0000031B FF 75 E4                        	PUSH	DWORD [-28+EBP]
   390 0000031E 53                              	PUSH	EBX
   391 0000031F 6A 00                           	PUSH	0
   392 00000321 FF 75 0C                        	PUSH	DWORD [12+EBP]
   393 00000324 FF 75 08                        	PUSH	DWORD [8+EBP]
   394 00000327 E8 00000181                     	CALL	_BoxFill8
   395 0000032C 8B 45 0C                        	MOV	EAX,DWORD [12+EBP]
   396 0000032F 57                              	PUSH	EDI
   397 00000330 83 E8 2E                        	SUB	EAX,46
   398 00000333 50                              	PUSH	EAX
   399 00000334 FF 75 E4                        	PUSH	DWORD [-28+EBP]
   400 00000337 50                              	PUSH	EAX
   401 00000338 6A 00                           	PUSH	0
   402 0000033A FF 75 0C                        	PUSH	DWORD [12+EBP]
   403 0000033D FF 75 08                        	PUSH	DWORD [8+EBP]
   404 00000340 E8 00000168                     	CALL	_BoxFill8
   405 00000345 83 C4 38                        	ADD	ESP,56
   406 00000348 FF 75 F0                        	PUSH	DWORD [-16+EBP]
   407 0000034B FF 75 E0                        	PUSH	DWORD [-32+EBP]
   408 0000034E FF 75 F0                        	PUSH	DWORD [-16+EBP]
   409 00000351 53                              	PUSH	EBX
   410 00000352 6A 0F                           	PUSH	15
   411 00000354 FF 75 0C                        	PUSH	DWORD [12+EBP]
   412 00000357 FF 75 08                        	PUSH	DWORD [8+EBP]
   413 0000035A E8 0000014E                     	CALL	_BoxFill8
   414 0000035F FF 75 EC                        	PUSH	DWORD [-20+EBP]
   415 00000362 53                              	PUSH	EBX
   416 00000363 FF 75 E8                        	PUSH	DWORD [-24+EBP]
   417 00000366 53                              	PUSH	EBX
   418 00000367 6A 0F                           	PUSH	15
   419 00000369 FF 75 0C                        	PUSH	DWORD [12+EBP]
   420 0000036C FF 75 08                        	PUSH	DWORD [8+EBP]
   421 0000036F E8 00000139                     	CALL	_BoxFill8
   422 00000374 83 C4 38                        	ADD	ESP,56
   423 00000377 57                              	PUSH	EDI
   424 00000378 FF 75 E0                        	PUSH	DWORD [-32+EBP]
   425 0000037B 57                              	PUSH	EDI
   426 0000037C 53                              	PUSH	EBX
   427 0000037D 6A 07                           	PUSH	7
   428 0000037F FF 75 0C                        	PUSH	DWORD [12+EBP]
   429 00000382 FF 75 08                        	PUSH	DWORD [8+EBP]
   430 00000385 E8 00000123                     	CALL	_BoxFill8
   431 0000038A 8B 45 0C                        	MOV	EAX,DWORD [12+EBP]
   432 0000038D 57                              	PUSH	EDI
   433 0000038E 83 E8 03                        	SUB	EAX,3
   434 00000391 50                              	PUSH	EAX
   435 00000392 FF 75 F0                        	PUSH	DWORD [-16+EBP]
   436 00000395 50                              	PUSH	EAX
   437 00000396 6A 07                           	PUSH	7
   438 00000398 FF 75 0C                        	PUSH	DWORD [12+EBP]
   439 0000039B FF 75 08                        	PUSH	DWORD [8+EBP]
   440 0000039E E8 0000010A                     	CALL	_BoxFill8
   441 000003A3 8D 65 F4                        	LEA	ESP,DWORD [-12+EBP]
   442 000003A6 5B                              	POP	EBX
   443 000003A7 5E                              	POP	ESI
   444 000003A8 5F                              	POP	EDI
   445 000003A9 5D                              	POP	EBP
   446 000003AA C3                              	RET
   447                                          [SECTION .data]
   448 00000030                                 _cursor.1:
   449 00000030 2A 2A 2A 2A 2A 2A 2A 2A 2A 2A   	DB	"**************.."
       0000003A 2A 2A 2A 2A 2E 2E 
   450 00000040 2A 4F 4F 4F 4F 4F 4F 4F 4F 4F   	DB	"*OOOOOOOOOOO*..."
       0000004A 4F 4F 2A 2E 2E 2E 
   451 00000050 2A 4F 4F 4F 4F 4F 4F 4F 4F 4F   	DB	"*OOOOOOOOOO*...."
       0000005A 4F 2A 2E 2E 2E 2E 
   452 00000060 2A 4F 4F 4F 4F 4F 4F 4F 4F 4F   	DB	"*OOOOOOOOO*....."
       0000006A 2A 2E 2E 2E 2E 2E 
   453 00000070 2A 4F 4F 4F 4F 4F 4F 4F 4F 2A   	DB	"*OOOOOOOO*......"
       0000007A 2E 2E 2E 2E 2E 2E 
   454 00000080 2A 4F 4F 4F 4F 4F 4F 4F 2A 2E   	DB	"*OOOOOOO*......."
       0000008A 2E 2E 2E 2E 2E 2E 
   455 00000090 2A 4F 4F 4F 4F 4F 4F 4F 2A 2E   	DB	"*OOOOOOO*......."
       0000009A 2E 2E 2E 2E 2E 2E 
   456 000000A0 2A 4F 4F 4F 4F 4F 4F 4F 4F 2A   	DB	"*OOOOOOOO*......"
       000000AA 2E 2E 2E 2E 2E 2E 
   457 000000B0 2A 4F 4F 4F 4F 2A 2A 4F 4F 4F   	DB	"*OOOO**OOO*....."
       000000BA 2A 2E 2E 2E 2E 2E 
   458 000000C0 2A 4F 4F 4F 2A 2E 2E 2A 4F 4F   	DB	"*OOO*..*OOO*...."
       000000CA 4F 2A 2E 2E 2E 2E 
   459 000000D0 2A 4F 4F 2A 2E 2E 2E 2E 2A 4F   	DB	"*OO*....*OOO*..."
       000000DA 4F 4F 2A 2E 2E 2E 
   460 000000E0 2A 4F 2A 2E 2E 2E 2E 2E 2E 2A   	DB	"*O*......*OOO*.."
       000000EA 4F 4F 4F 2A 2E 2E 
   461 000000F0 2A 2A 2E 2E 2E 2E 2E 2E 2E 2E   	DB	"**........*OOO*."
       000000FA 2A 4F 4F 4F 2A 2E 
   462 00000100 2A 2E 2E 2E 2E 2E 2E 2E 2E 2E   	DB	"*..........*OOO*"
       0000010A 2E 2A 4F 4F 4F 2A 
   463 00000110 2E 2E 2E 2E 2E 2E 2E 2E 2E 2E   	DB	"............*OO*"
       0000011A 2E 2E 2A 4F 4F 2A 
   464 00000120 2E 2E 2E 2E 2E 2E 2E 2E 2E 2E   	DB	".............***"
       0000012A 2E 2E 2E 2A 2A 2A 
   465                                          [SECTION .text]
   466 000003AB                                 	GLOBAL	_init_mouse_cursor8
   467 000003AB                                 _init_mouse_cursor8:
   468 000003AB 55                              	PUSH	EBP
   469 000003AC 89 E5                           	MOV	EBP,ESP
   470 000003AE 57                              	PUSH	EDI
   471 000003AF 56                              	PUSH	ESI
   472 000003B0 31 FF                           	XOR	EDI,EDI
   473 000003B2 53                              	PUSH	EBX
   474 000003B3 31 DB                           	XOR	EBX,EBX
   475 000003B5 52                              	PUSH	EDX
   476 000003B6 8A 45 0C                        	MOV	AL,BYTE [12+EBP]
   477 000003B9 8B 75 08                        	MOV	ESI,DWORD [8+EBP]
   478 000003BC 88 45 F3                        	MOV	BYTE [-13+EBP],AL
   479 000003BF                                 L17:
   480 000003BF 31 D2                           	XOR	EDX,EDX
   481 000003C1                                 L16:
   482 000003C1 8D 04 3A                        	LEA	EAX,DWORD [EDX+EDI*1]
   483 000003C4 80 B8 [00000030] 2A             	CMP	BYTE [_cursor.1+EAX],42
   484 000003CB 74 35                           	JE	L22
   485 000003CD                                 L13:
   486 000003CD 80 B8 [00000030] 4F             	CMP	BYTE [_cursor.1+EAX],79
   487 000003D4 74 26                           	JE	L23
   488 000003D6                                 L14:
   489 000003D6 80 B8 [00000030] 2E             	CMP	BYTE [_cursor.1+EAX],46
   490 000003DD 74 15                           	JE	L24
   491 000003DF                                 L11:
   492 000003DF 42                              	INC	EDX
   493 000003E0 83 FA 0F                        	CMP	EDX,15
   494 000003E3 7E DC                           	JLE	L16
   495 000003E5 43                              	INC	EBX
   496 000003E6 83 C7 10                        	ADD	EDI,16
   497 000003E9 83 FB 0F                        	CMP	EBX,15
   498 000003EC 7E D1                           	JLE	L17
   499 000003EE 58                              	POP	EAX
   500 000003EF 5B                              	POP	EBX
   501 000003F0 5E                              	POP	ESI
   502 000003F1 5F                              	POP	EDI
   503 000003F2 5D                              	POP	EBP
   504 000003F3 C3                              	RET
   505 000003F4                                 L24:
   506 000003F4 8A 4D F3                        	MOV	CL,BYTE [-13+EBP]
   507 000003F7 88 0C 30                        	MOV	BYTE [EAX+ESI*1],CL
   508 000003FA EB E3                           	JMP	L11
   509 000003FC                                 L23:
   510 000003FC C6 04 30 07                     	MOV	BYTE [EAX+ESI*1],7
   511 00000400 EB D4                           	JMP	L14
   512 00000402                                 L22:
   513 00000402 C6 04 30 00                     	MOV	BYTE [EAX+ESI*1],0
   514 00000406 EB C5                           	JMP	L13
   515 00000408                                 	GLOBAL	_PutBlock8_8
   516 00000408                                 _PutBlock8_8:
   517 00000408 55                              	PUSH	EBP
   518 00000409 89 E5                           	MOV	EBP,ESP
   519 0000040B 57                              	PUSH	EDI
   520 0000040C 56                              	PUSH	ESI
   521 0000040D 31 F6                           	XOR	ESI,ESI
   522 0000040F 53                              	PUSH	EBX
   523 00000410 83 EC 0C                        	SUB	ESP,12
   524 00000413 3B 75 14                        	CMP	ESI,DWORD [20+EBP]
   525 00000416 7D 3E                           	JGE	L37
   526 00000418 31 FF                           	XOR	EDI,EDI
   527 0000041A                                 L35:
   528 0000041A 31 DB                           	XOR	EBX,EBX
   529 0000041C 3B 5D 10                        	CMP	EBX,DWORD [16+EBP]
   530 0000041F 7D 2C                           	JGE	L39
   531 00000421 8B 45 20                        	MOV	EAX,DWORD [32+EBP]
   532 00000424 01 F8                           	ADD	EAX,EDI
   533 00000426 89 45 EC                        	MOV	DWORD [-20+EBP],EAX
   534 00000429                                 L34:
   535 00000429 8B 45 1C                        	MOV	EAX,DWORD [28+EBP]
   536 0000042C 8B 55 18                        	MOV	EDX,DWORD [24+EBP]
   537 0000042F 01 F0                           	ADD	EAX,ESI
   538 00000431 01 DA                           	ADD	EDX,EBX
   539 00000433 0F AF 45 0C                     	IMUL	EAX,DWORD [12+EBP]
   540 00000437 01 D0                           	ADD	EAX,EDX
   541 00000439 8B 4D 08                        	MOV	ECX,DWORD [8+EBP]
   542 0000043C 8B 55 EC                        	MOV	EDX,DWORD [-20+EBP]
   543 0000043F 43                              	INC	EBX
   544 00000440 8A 12                           	MOV	DL,BYTE [EDX]
   545 00000442 88 14 08                        	MOV	BYTE [EAX+ECX*1],DL
   546 00000445 FF 45 EC                        	INC	DWORD [-20+EBP]
   547 00000448 3B 5D 10                        	CMP	EBX,DWORD [16+EBP]
   548 0000044B 7C DC                           	JL	L34
   549 0000044D                                 L39:
   550 0000044D 46                              	INC	ESI
   551 0000044E 03 7D 24                        	ADD	EDI,DWORD [36+EBP]
   552 00000451 3B 75 14                        	CMP	ESI,DWORD [20+EBP]
   553 00000454 7C C4                           	JL	L35
   554 00000456                                 L37:
   555 00000456 83 C4 0C                        	ADD	ESP,12
   556 00000459 5B                              	POP	EBX
   557 0000045A 5E                              	POP	ESI
   558 0000045B 5F                              	POP	EDI
   559 0000045C 5D                              	POP	EBP
   560 0000045D C3                              	RET
   561 0000045E                                 	GLOBAL	_Putfont8_asc
   562 0000045E                                 _Putfont8_asc:
   563 0000045E 55                              	PUSH	EBP
   564 0000045F 89 E5                           	MOV	EBP,ESP
   565 00000461 57                              	PUSH	EDI
   566 00000462 56                              	PUSH	ESI
   567 00000463 53                              	PUSH	EBX
   568 00000464 51                              	PUSH	ECX
   569 00000465 8B 5D 1C                        	MOV	EBX,DWORD [28+EBP]
   570 00000468 8A 45 18                        	MOV	AL,BYTE [24+EBP]
   571 0000046B 88 45 F3                        	MOV	BYTE [-13+EBP],AL
   572 0000046E 8B 75 10                        	MOV	ESI,DWORD [16+EBP]
   573 00000471 8B 7D 14                        	MOV	EDI,DWORD [20+EBP]
   574 00000474 80 3B 00                        	CMP	BYTE [EBX],0
   575 00000477 75 08                           	JNE	L45
   576 00000479                                 L47:
   577 00000479 8D 65 F4                        	LEA	ESP,DWORD [-12+EBP]
   578 0000047C 5B                              	POP	EBX
   579 0000047D 5E                              	POP	ESI
   580 0000047E 5F                              	POP	EDI
   581 0000047F 5D                              	POP	EBP
   582 00000480 C3                              	RET
   583 00000481                                 L45:
   584 00000481 0F BE 03                        	MOVSX	EAX,BYTE [EBX]
   585 00000484 C1 E0 04                        	SAL	EAX,4
   586 00000487 43                              	INC	EBX
   587 00000488 05 [00000000]                   	ADD	EAX,_hankaku
   588 0000048D 50                              	PUSH	EAX
   589 0000048E 0F BE 45 F3                     	MOVSX	EAX,BYTE [-13+EBP]
   590 00000492 50                              	PUSH	EAX
   591 00000493 57                              	PUSH	EDI
   592 00000494 56                              	PUSH	ESI
   593 00000495 83 C6 08                        	ADD	ESI,8
   594 00000498 FF 75 0C                        	PUSH	DWORD [12+EBP]
   595 0000049B FF 75 08                        	PUSH	DWORD [8+EBP]
   596 0000049E E8 0000043E                     	CALL	_Putfont8
   597 000004A3 83 C4 18                        	ADD	ESP,24
   598 000004A6 80 3B 00                        	CMP	BYTE [EBX],0
   599 000004A9 75 D6                           	JNE	L45
   600 000004AB EB CC                           	JMP	L47
   601 000004AD                                 	GLOBAL	_BoxFill8
   602 000004AD                                 _BoxFill8:
   603 000004AD 55                              	PUSH	EBP
   604 000004AE 89 E5                           	MOV	EBP,ESP
   605 000004B0 57                              	PUSH	EDI
   606 000004B1 56                              	PUSH	ESI
   607 000004B2 53                              	PUSH	EBX
   608 000004B3 57                              	PUSH	EDI
   609 000004B4 57                              	PUSH	EDI
   610 000004B5 8A 45 10                        	MOV	AL,BYTE [16+EBP]
   611 000004B8 8B 4D 18                        	MOV	ECX,DWORD [24+EBP]
   612 000004BB 8B 7D 1C                        	MOV	EDI,DWORD [28+EBP]
   613 000004BE 88 45 F3                        	MOV	BYTE [-13+EBP],AL
   614 000004C1 3B 4D 20                        	CMP	ECX,DWORD [32+EBP]
   615 000004C4 7F 31                           	JG	L60
   616 000004C6 8B 5D 0C                        	MOV	EBX,DWORD [12+EBP]
   617 000004C9 0F AF D9                        	IMUL	EBX,ECX
   618 000004CC                                 L58:
   619 000004CC 8B 55 14                        	MOV	EDX,DWORD [20+EBP]
   620 000004CF 39 FA                           	CMP	EDX,EDI
   621 000004D1 7F 1B                           	JG	L62
   622 000004D3 8B 75 08                        	MOV	ESI,DWORD [8+EBP]
   623 000004D6 01 DE                           	ADD	ESI,EBX
   624 000004D8 01 D6                           	ADD	ESI,EDX
   625 000004DA 89 75 EC                        	MOV	DWORD [-20+EBP],ESI
   626 000004DD                                 L57:
   627 000004DD 8B 75 EC                        	MOV	ESI,DWORD [-20+EBP]
   628 000004E0 8A 45 F3                        	MOV	AL,BYTE [-13+EBP]
   629 000004E3 42                              	INC	EDX
   630 000004E4 88 06                           	MOV	BYTE [ESI],AL
   631 000004E6 46                              	INC	ESI
   632 000004E7 89 75 EC                        	MOV	DWORD [-20+EBP],ESI
   633 000004EA 39 FA                           	CMP	EDX,EDI
   634 000004EC 7E EF                           	JLE	L57
   635 000004EE                                 L62:
   636 000004EE 41                              	INC	ECX
   637 000004EF 03 5D 0C                        	ADD	EBX,DWORD [12+EBP]
   638 000004F2 3B 4D 20                        	CMP	ECX,DWORD [32+EBP]
   639 000004F5 7E D5                           	JLE	L58
   640 000004F7                                 L60:
   641 000004F7 5B                              	POP	EBX
   642 000004F8 5E                              	POP	ESI
   643 000004F9 5B                              	POP	EBX
   644 000004FA 5E                              	POP	ESI
   645 000004FB 5F                              	POP	EDI
   646 000004FC 5D                              	POP	EBP
   647 000004FD C3                              	RET
   648 000004FE                                 	GLOBAL	_Putfont8_asc_sht
   649 000004FE                                 _Putfont8_asc_sht:
   650 000004FE 55                              	PUSH	EBP
   651 000004FF 89 E5                           	MOV	EBP,ESP
   652 00000501 57                              	PUSH	EDI
   653 00000502 56                              	PUSH	ESI
   654 00000503 53                              	PUSH	EBX
   655 00000504 83 EC 0C                        	SUB	ESP,12
   656 00000507 8B 45 08                        	MOV	EAX,DWORD [8+EBP]
   657 0000050A 8B 7D 10                        	MOV	EDI,DWORD [16+EBP]
   658 0000050D 89 45 F0                        	MOV	DWORD [-16+EBP],EAX
   659 00000510 8B 45 0C                        	MOV	EAX,DWORD [12+EBP]
   660 00000513 89 45 EC                        	MOV	DWORD [-20+EBP],EAX
   661 00000516 8B 45 1C                        	MOV	EAX,DWORD [28+EBP]
   662 00000519 89 45 E8                        	MOV	DWORD [-24+EBP],EAX
   663 0000051C 8D 47 0F                        	LEA	EAX,DWORD [15+EDI]
   664 0000051F 0F BE 5D 14                     	MOVSX	EBX,BYTE [20+EBP]
   665 00000523 50                              	PUSH	EAX
   666 00000524 8B 45 EC                        	MOV	EAX,DWORD [-20+EBP]
   667 00000527 8B 75 20                        	MOV	ESI,DWORD [32+EBP]
   668 0000052A 8D 34 F0                        	LEA	ESI,DWORD [EAX+ESI*8]
   669 0000052D 8D 46 FF                        	LEA	EAX,DWORD [-1+ESI]
   670 00000530 50                              	PUSH	EAX
   671 00000531 57                              	PUSH	EDI
   672 00000532 FF 75 EC                        	PUSH	DWORD [-20+EBP]
   673 00000535 0F B6 45 18                     	MOVZX	EAX,BYTE [24+EBP]
   674 00000539 50                              	PUSH	EAX
   675 0000053A 8B 45 F0                        	MOV	EAX,DWORD [-16+EBP]
   676 0000053D FF 70 04                        	PUSH	DWORD [4+EAX]
   677 00000540 FF 30                           	PUSH	DWORD [EAX]
   678 00000542 E8 FFFFFF66                     	CALL	_BoxFill8
   679 00000547 FF 75 E8                        	PUSH	DWORD [-24+EBP]
   680 0000054A 53                              	PUSH	EBX
   681 0000054B 57                              	PUSH	EDI
   682 0000054C FF 75 EC                        	PUSH	DWORD [-20+EBP]
   683 0000054F 8B 45 F0                        	MOV	EAX,DWORD [-16+EBP]
   684 00000552 FF 70 04                        	PUSH	DWORD [4+EAX]
   685 00000555 FF 30                           	PUSH	DWORD [EAX]
   686 00000557 E8 FFFFFF02                     	CALL	_Putfont8_asc
   687 0000055C 89 7D 10                        	MOV	DWORD [16+EBP],EDI
   688 0000055F 8D 47 10                        	LEA	EAX,DWORD [16+EDI]
   689 00000562 89 75 14                        	MOV	DWORD [20+EBP],ESI
   690 00000565 89 45 18                        	MOV	DWORD [24+EBP],EAX
   691 00000568 83 C4 34                        	ADD	ESP,52
   692 0000056B 8B 45 EC                        	MOV	EAX,DWORD [-20+EBP]
   693 0000056E 89 45 0C                        	MOV	DWORD [12+EBP],EAX
   694 00000571 8B 45 F0                        	MOV	EAX,DWORD [-16+EBP]
   695 00000574 89 45 08                        	MOV	DWORD [8+EBP],EAX
   696 00000577 8D 65 F4                        	LEA	ESP,DWORD [-12+EBP]
   697 0000057A 5B                              	POP	EBX
   698 0000057B 5E                              	POP	ESI
   699 0000057C 5F                              	POP	EDI
   700 0000057D 5D                              	POP	EBP
   701 0000057E E9 [00000000]                   	JMP	_sheet_refresh
   702                                          [SECTION .data]
   703 00000130                                 _closebtn.2:
   704 00000130 4F 4F 4F 4F 4F 4F 4F 4F 4F 4F   	DB	"OOOOOOOOOOOOOOO@"
       0000013A 4F 4F 4F 4F 4F 40 
   705 00000140 4F 51 51 51 51 51 51 51 51 51   	DB	"OQQQQQQQQQQQQQ$@"
       0000014A 51 51 51 51 24 40 
   706 00000150 4F 51 51 51 51 51 51 51 51 51   	DB	"OQQQQQQQQQQQQQ$@"
       0000015A 51 51 51 51 24 40 
   707 00000160 4F 51 51 51 40 40 51 51 51 51   	DB	"OQQQ@@QQQQ@@QQ$@"
       0000016A 40 40 51 51 24 40 
   708 00000170 4F 51 51 51 51 40 40 51 51 40   	DB	"OQQQQ@@QQ@@QQQ$@"
       0000017A 40 51 51 51 24 40 
   709 00000180 4F 51 51 51 51 51 40 40 40 40   	DB	"OQQQQQ@@@@QQQQ$@"
       0000018A 51 51 51 51 24 40 
   710 00000190 4F 51 51 51 51 51 51 40 40 51   	DB	"OQQQQQQ@@QQQQQ$@"
       0000019A 51 51 51 51 24 40 
   711 000001A0 4F 51 51 51 51 51 40 40 40 40   	DB	"OQQQQQ@@@@QQQQ$@"
       000001AA 51 51 51 51 24 40 
   712 000001B0 4F 51 51 51 51 40 40 51 51 40   	DB	"OQQQQ@@QQ@@QQQ$@"
       000001BA 40 51 51 51 24 40 
   713 000001C0 4F 51 51 51 40 40 51 51 51 51   	DB	"OQQQ@@QQQQ@@QQ$@"
       000001CA 40 40 51 51 24 40 
   714 000001D0 4F 51 51 51 51 51 51 51 51 51   	DB	"OQQQQQQQQQQQQQ$@"
       000001DA 51 51 51 51 24 40 
   715 000001E0 4F 51 51 51 51 51 51 51 51 51   	DB	"OQQQQQQQQQQQQQ$@"
       000001EA 51 51 51 51 24 40 
   716 000001F0 4F 24 24 24 24 24 24 24 24 24   	DB	"O$$$$$$$$$$$$$$@"
       000001FA 24 24 24 24 24 40 
   717 00000200 40 40 40 40 40 40 40 40 40 40   	DB	"@@@@@@@@@@@@@@@@"
       0000020A 40 40 40 40 40 40 
   718                                          [SECTION .text]
   719 00000583                                 	GLOBAL	_make_window8
   720 00000583                                 _make_window8:
   721 00000583 55                              	PUSH	EBP
   722 00000584 89 E5                           	MOV	EBP,ESP
   723 00000586 57                              	PUSH	EDI
   724 00000587 56                              	PUSH	ESI
   725 00000588 53                              	PUSH	EBX
   726 00000589 83 EC 0C                        	SUB	ESP,12
   727 0000058C 80 7D 18 00                     	CMP	BYTE [24+EBP],0
   728 00000590 0F 84 00000180                  	JE	L65
   729 00000596 C6 45 EF 07                     	MOV	BYTE [-17+EBP],7
   730 0000059A C6 45 EE 0C                     	MOV	BYTE [-18+EBP],12
   731 0000059E                                 L66:
   732 0000059E 8B 45 0C                        	MOV	EAX,DWORD [12+EBP]
   733 000005A1 6A 00                           	PUSH	0
   734 000005A3 48                              	DEC	EAX
   735 000005A4 50                              	PUSH	EAX
   736 000005A5 89 45 E8                        	MOV	DWORD [-24+EBP],EAX
   737 000005A8 6A 00                           	PUSH	0
   738 000005AA 6A 00                           	PUSH	0
   739 000005AC 6A 08                           	PUSH	8
   740 000005AE FF 75 0C                        	PUSH	DWORD [12+EBP]
   741 000005B1 FF 75 08                        	PUSH	DWORD [8+EBP]
   742 000005B4 E8 FFFFFEF4                     	CALL	_BoxFill8
   743 000005B9 8B 75 0C                        	MOV	ESI,DWORD [12+EBP]
   744 000005BC 6A 01                           	PUSH	1
   745 000005BE 83 EE 02                        	SUB	ESI,2
   746 000005C1 56                              	PUSH	ESI
   747 000005C2 6A 01                           	PUSH	1
   748 000005C4 6A 01                           	PUSH	1
   749 000005C6 6A 07                           	PUSH	7
   750 000005C8 FF 75 0C                        	PUSH	DWORD [12+EBP]
   751 000005CB FF 75 08                        	PUSH	DWORD [8+EBP]
   752 000005CE E8 FFFFFEDA                     	CALL	_BoxFill8
   753 000005D3 8B 7D 10                        	MOV	EDI,DWORD [16+EBP]
   754 000005D6 83 C4 38                        	ADD	ESP,56
   755 000005D9 4F                              	DEC	EDI
   756 000005DA 57                              	PUSH	EDI
   757 000005DB 6A 00                           	PUSH	0
   758 000005DD 6A 00                           	PUSH	0
   759 000005DF 6A 00                           	PUSH	0
   760 000005E1 6A 08                           	PUSH	8
   761 000005E3 FF 75 0C                        	PUSH	DWORD [12+EBP]
   762 000005E6 FF 75 08                        	PUSH	DWORD [8+EBP]
   763 000005E9 E8 FFFFFEBF                     	CALL	_BoxFill8
   764 000005EE 8B 5D 10                        	MOV	EBX,DWORD [16+EBP]
   765 000005F1 83 EB 02                        	SUB	EBX,2
   766 000005F4 53                              	PUSH	EBX
   767 000005F5 6A 01                           	PUSH	1
   768 000005F7 6A 01                           	PUSH	1
   769 000005F9 6A 01                           	PUSH	1
   770 000005FB 6A 07                           	PUSH	7
   771 000005FD FF 75 0C                        	PUSH	DWORD [12+EBP]
   772 00000600 FF 75 08                        	PUSH	DWORD [8+EBP]
   773 00000603 E8 FFFFFEA5                     	CALL	_BoxFill8
   774 00000608 83 C4 38                        	ADD	ESP,56
   775 0000060B 53                              	PUSH	EBX
   776 0000060C 56                              	PUSH	ESI
   777 0000060D 6A 01                           	PUSH	1
   778 0000060F 56                              	PUSH	ESI
   779 00000610 6A 0F                           	PUSH	15
   780 00000612 FF 75 0C                        	PUSH	DWORD [12+EBP]
   781 00000615 FF 75 08                        	PUSH	DWORD [8+EBP]
   782 00000618 E8 FFFFFE90                     	CALL	_BoxFill8
   783 0000061D 57                              	PUSH	EDI
   784 0000061E FF 75 E8                        	PUSH	DWORD [-24+EBP]
   785 00000621 6A 00                           	PUSH	0
   786 00000623 FF 75 E8                        	PUSH	DWORD [-24+EBP]
   787 00000626 6A 00                           	PUSH	0
   788 00000628 FF 75 0C                        	PUSH	DWORD [12+EBP]
   789 0000062B FF 75 08                        	PUSH	DWORD [8+EBP]
   790 0000062E E8 FFFFFE7A                     	CALL	_BoxFill8
   791 00000633 8B 45 10                        	MOV	EAX,DWORD [16+EBP]
   792 00000636 83 C4 38                        	ADD	ESP,56
   793 00000639 83 E8 03                        	SUB	EAX,3
   794 0000063C 50                              	PUSH	EAX
   795 0000063D 8B 45 0C                        	MOV	EAX,DWORD [12+EBP]
   796 00000640 83 E8 03                        	SUB	EAX,3
   797 00000643 50                              	PUSH	EAX
   798 00000644 6A 02                           	PUSH	2
   799 00000646 6A 02                           	PUSH	2
   800 00000648 6A 08                           	PUSH	8
   801 0000064A FF 75 0C                        	PUSH	DWORD [12+EBP]
   802 0000064D FF 75 08                        	PUSH	DWORD [8+EBP]
   803 00000650 E8 FFFFFE58                     	CALL	_BoxFill8
   804 00000655 8B 45 0C                        	MOV	EAX,DWORD [12+EBP]
   805 00000658 6A 14                           	PUSH	20
   806 0000065A 83 E8 04                        	SUB	EAX,4
   807 0000065D 50                              	PUSH	EAX
   808 0000065E 6A 03                           	PUSH	3
   809 00000660 6A 03                           	PUSH	3
   810 00000662 0F B6 45 EE                     	MOVZX	EAX,BYTE [-18+EBP]
   811 00000666 50                              	PUSH	EAX
   812 00000667 FF 75 0C                        	PUSH	DWORD [12+EBP]
   813 0000066A FF 75 08                        	PUSH	DWORD [8+EBP]
   814 0000066D E8 FFFFFE3B                     	CALL	_BoxFill8
   815 00000672 83 C4 38                        	ADD	ESP,56
   816 00000675 53                              	PUSH	EBX
   817 00000676 56                              	PUSH	ESI
   818 00000677 53                              	PUSH	EBX
   819 00000678 6A 01                           	PUSH	1
   820 0000067A 6A 0F                           	PUSH	15
   821 0000067C FF 75 0C                        	PUSH	DWORD [12+EBP]
   822 0000067F FF 75 08                        	PUSH	DWORD [8+EBP]
   823 00000682 E8 FFFFFE26                     	CALL	_BoxFill8
   824 00000687 57                              	PUSH	EDI
   825 00000688 FF 75 E8                        	PUSH	DWORD [-24+EBP]
   826 0000068B 57                              	PUSH	EDI
   827 0000068C 31 FF                           	XOR	EDI,EDI
   828 0000068E 6A 00                           	PUSH	0
   829 00000690 6A 00                           	PUSH	0
   830 00000692 FF 75 0C                        	PUSH	DWORD [12+EBP]
   831 00000695 FF 75 08                        	PUSH	DWORD [8+EBP]
   832 00000698 E8 FFFFFE10                     	CALL	_BoxFill8
   833 0000069D 83 C4 38                        	ADD	ESP,56
   834 000006A0 FF 75 14                        	PUSH	DWORD [20+EBP]
   835 000006A3 0F BE 45 EF                     	MOVSX	EAX,BYTE [-17+EBP]
   836 000006A7 50                              	PUSH	EAX
   837 000006A8 6A 04                           	PUSH	4
   838 000006AA 6A 18                           	PUSH	24
   839 000006AC FF 75 0C                        	PUSH	DWORD [12+EBP]
   840 000006AF FF 75 08                        	PUSH	DWORD [8+EBP]
   841 000006B2 E8 FFFFFDA7                     	CALL	_Putfont8_asc
   842 000006B7 83 C4 18                        	ADD	ESP,24
   843 000006BA 6B 5D 0C 05                     	IMUL	EBX,DWORD [12+EBP],5
   844 000006BE C7 45 F0 00000000               	MOV	DWORD [-16+EBP],0
   845 000006C5                                 L82:
   846 000006C5 8B 45 0C                        	MOV	EAX,DWORD [12+EBP]
   847 000006C8 8B 55 08                        	MOV	EDX,DWORD [8+EBP]
   848 000006CB 01 D8                           	ADD	EAX,EBX
   849 000006CD 31 F6                           	XOR	ESI,ESI
   850 000006CF 8D 4C 02 EB                     	LEA	ECX,DWORD [-21+EDX+EAX*1]
   851 000006D3                                 L81:
   852 000006D3 8A 94 3E [00000130]             	MOV	DL,BYTE [_closebtn.2+ESI+EDI*1]
   853 000006DA 80 FA 40                        	CMP	DL,64
   854 000006DD 74 33                           	JE	L87
   855 000006DF 80 FA 24                        	CMP	DL,36
   856 000006E2 74 2A                           	JE	L88
   857 000006E4 80 FA 51                        	CMP	DL,81
   858 000006E7 B2 08                           	MOV	DL,8
   859 000006E9 0F 95 C0                        	SETNE	AL
   860 000006EC 28 C2                           	SUB	DL,AL
   861 000006EE                                 L76:
   862 000006EE 46                              	INC	ESI
   863 000006EF 88 11                           	MOV	BYTE [ECX],DL
   864 000006F1 41                              	INC	ECX
   865 000006F2 83 FE 0F                        	CMP	ESI,15
   866 000006F5 7E DC                           	JLE	L81
   867 000006F7 FF 45 F0                        	INC	DWORD [-16+EBP]
   868 000006FA 83 C7 10                        	ADD	EDI,16
   869 000006FD 03 5D 0C                        	ADD	EBX,DWORD [12+EBP]
   870 00000700 83 7D F0 0D                     	CMP	DWORD [-16+EBP],13
   871 00000704 7E BF                           	JLE	L82
   872 00000706 8D 65 F4                        	LEA	ESP,DWORD [-12+EBP]
   873 00000709 5B                              	POP	EBX
   874 0000070A 5E                              	POP	ESI
   875 0000070B 5F                              	POP	EDI
   876 0000070C 5D                              	POP	EBP
   877 0000070D C3                              	RET
   878 0000070E                                 L88:
   879 0000070E B2 0F                           	MOV	DL,15
   880 00000710 EB DC                           	JMP	L76
   881 00000712                                 L87:
   882 00000712 31 D2                           	XOR	EDX,EDX
   883 00000714 EB D8                           	JMP	L76
   884 00000716                                 L65:
   885 00000716 C6 45 EF 08                     	MOV	BYTE [-17+EBP],8
   886 0000071A C6 45 EE 0F                     	MOV	BYTE [-18+EBP],15
   887 0000071E E9 FFFFFE7B                     	JMP	L66
   888 00000723                                 	GLOBAL	_make_textbox8
   889 00000723                                 _make_textbox8:
   890 00000723 55                              	PUSH	EBP
   891 00000724 89 E5                           	MOV	EBP,ESP
   892 00000726 57                              	PUSH	EDI
   893 00000727 56                              	PUSH	ESI
   894 00000728 53                              	PUSH	EBX
   895 00000729 83 EC 14                        	SUB	ESP,20
   896 0000072C 8B 45 0C                        	MOV	EAX,DWORD [12+EBP]
   897 0000072F 8B 75 10                        	MOV	ESI,DWORD [16+EBP]
   898 00000732 03 45 14                        	ADD	EAX,DWORD [20+EBP]
   899 00000735 83 EE 03                        	SUB	ESI,3
   900 00000738 56                              	PUSH	ESI
   901 00000739 89 45 F0                        	MOV	DWORD [-16+EBP],EAX
   902 0000073C 8B 45 10                        	MOV	EAX,DWORD [16+EBP]
   903 0000073F 03 45 18                        	ADD	EAX,DWORD [24+EBP]
   904 00000742 89 45 EC                        	MOV	DWORD [-20+EBP],EAX
   905 00000745 8B 45 F0                        	MOV	EAX,DWORD [-16+EBP]
   906 00000748 40                              	INC	EAX
   907 00000749 50                              	PUSH	EAX
   908 0000074A 89 45 E8                        	MOV	DWORD [-24+EBP],EAX
   909 0000074D 8B 45 0C                        	MOV	EAX,DWORD [12+EBP]
   910 00000750 56                              	PUSH	ESI
   911 00000751 83 E8 02                        	SUB	EAX,2
   912 00000754 50                              	PUSH	EAX
   913 00000755 89 45 E4                        	MOV	DWORD [-28+EBP],EAX
   914 00000758 8B 45 08                        	MOV	EAX,DWORD [8+EBP]
   915 0000075B 6A 0F                           	PUSH	15
   916 0000075D FF 70 04                        	PUSH	DWORD [4+EAX]
   917 00000760 FF 30                           	PUSH	DWORD [EAX]
   918 00000762 E8 FFFFFD46                     	CALL	_BoxFill8
   919 00000767 8B 7D 0C                        	MOV	EDI,DWORD [12+EBP]
   920 0000076A 8B 45 EC                        	MOV	EAX,DWORD [-20+EBP]
   921 0000076D 83 EF 03                        	SUB	EDI,3
   922 00000770 40                              	INC	EAX
   923 00000771 50                              	PUSH	EAX
   924 00000772 89 45 E0                        	MOV	DWORD [-32+EBP],EAX
   925 00000775 57                              	PUSH	EDI
   926 00000776 8B 45 08                        	MOV	EAX,DWORD [8+EBP]
   927 00000779 56                              	PUSH	ESI
   928 0000077A 57                              	PUSH	EDI
   929 0000077B 6A 0F                           	PUSH	15
   930 0000077D FF 70 04                        	PUSH	DWORD [4+EAX]
   931 00000780 FF 30                           	PUSH	DWORD [EAX]
   932 00000782 E8 FFFFFD26                     	CALL	_BoxFill8
   933 00000787 8B 45 08                        	MOV	EAX,DWORD [8+EBP]
   934 0000078A 83 C4 38                        	ADD	ESP,56
   935 0000078D 8B 5D EC                        	MOV	EBX,DWORD [-20+EBP]
   936 00000790 83 C3 02                        	ADD	EBX,2
   937 00000793 53                              	PUSH	EBX
   938 00000794 FF 75 E8                        	PUSH	DWORD [-24+EBP]
   939 00000797 53                              	PUSH	EBX
   940 00000798 57                              	PUSH	EDI
   941 00000799 6A 07                           	PUSH	7
   942 0000079B FF 70 04                        	PUSH	DWORD [4+EAX]
   943 0000079E FF 30                           	PUSH	DWORD [EAX]
   944 000007A0 E8 FFFFFD08                     	CALL	_BoxFill8
   945 000007A5 8B 45 F0                        	MOV	EAX,DWORD [-16+EBP]
   946 000007A8 53                              	PUSH	EBX
   947 000007A9 83 C0 02                        	ADD	EAX,2
   948 000007AC 50                              	PUSH	EAX
   949 000007AD 56                              	PUSH	ESI
   950 000007AE 50                              	PUSH	EAX
   951 000007AF 8B 45 08                        	MOV	EAX,DWORD [8+EBP]
   952 000007B2 6A 07                           	PUSH	7
   953 000007B4 FF 70 04                        	PUSH	DWORD [4+EAX]
   954 000007B7 FF 30                           	PUSH	DWORD [EAX]
   955 000007B9 E8 FFFFFCEF                     	CALL	_BoxFill8
   956 000007BE 8B 45 08                        	MOV	EAX,DWORD [8+EBP]
   957 000007C1 83 C4 38                        	ADD	ESP,56
   958 000007C4 8B 5D 10                        	MOV	EBX,DWORD [16+EBP]
   959 000007C7 83 EB 02                        	SUB	EBX,2
   960 000007CA 8B 7D 0C                        	MOV	EDI,DWORD [12+EBP]
   961 000007CD 53                              	PUSH	EBX
   962 000007CE 4F                              	DEC	EDI
   963 000007CF FF 75 F0                        	PUSH	DWORD [-16+EBP]
   964 000007D2 53                              	PUSH	EBX
   965 000007D3 57                              	PUSH	EDI
   966 000007D4 6A 00                           	PUSH	0
   967 000007D6 FF 70 04                        	PUSH	DWORD [4+EAX]
   968 000007D9 FF 30                           	PUSH	DWORD [EAX]
   969 000007DB E8 FFFFFCCD                     	CALL	_BoxFill8
   970 000007E0 8B 45 08                        	MOV	EAX,DWORD [8+EBP]
   971 000007E3 FF 75 EC                        	PUSH	DWORD [-20+EBP]
   972 000007E6 FF 75 E4                        	PUSH	DWORD [-28+EBP]
   973 000007E9 53                              	PUSH	EBX
   974 000007EA FF 75 E4                        	PUSH	DWORD [-28+EBP]
   975 000007ED 6A 00                           	PUSH	0
   976 000007EF FF 70 04                        	PUSH	DWORD [4+EAX]
   977 000007F2 FF 30                           	PUSH	DWORD [EAX]
   978 000007F4 E8 FFFFFCB4                     	CALL	_BoxFill8
   979 000007F9 8B 45 08                        	MOV	EAX,DWORD [8+EBP]
   980 000007FC 83 C4 38                        	ADD	ESP,56
   981 000007FF FF 75 E0                        	PUSH	DWORD [-32+EBP]
   982 00000802 FF 75 F0                        	PUSH	DWORD [-16+EBP]
   983 00000805 FF 75 E0                        	PUSH	DWORD [-32+EBP]
   984 00000808 FF 75 E4                        	PUSH	DWORD [-28+EBP]
   985 0000080B 6A 08                           	PUSH	8
   986 0000080D FF 70 04                        	PUSH	DWORD [4+EAX]
   987 00000810 FF 30                           	PUSH	DWORD [EAX]
   988 00000812 E8 FFFFFC96                     	CALL	_BoxFill8
   989 00000817 8B 45 08                        	MOV	EAX,DWORD [8+EBP]
   990 0000081A FF 75 E0                        	PUSH	DWORD [-32+EBP]
   991 0000081D FF 75 E8                        	PUSH	DWORD [-24+EBP]
   992 00000820 53                              	PUSH	EBX
   993 00000821 FF 75 E8                        	PUSH	DWORD [-24+EBP]
   994 00000824 6A 08                           	PUSH	8
   995 00000826 FF 70 04                        	PUSH	DWORD [4+EAX]
   996 00000829 FF 30                           	PUSH	DWORD [EAX]
   997 0000082B E8 FFFFFC7D                     	CALL	_BoxFill8
   998 00000830 8B 45 10                        	MOV	EAX,DWORD [16+EBP]
   999 00000833 83 C4 38                        	ADD	ESP,56
  1000 00000836 48                              	DEC	EAX
  1001 00000837 FF 75 EC                        	PUSH	DWORD [-20+EBP]
  1002 0000083A FF 75 F0                        	PUSH	DWORD [-16+EBP]
  1003 0000083D 50                              	PUSH	EAX
  1004 0000083E 57                              	PUSH	EDI
  1005 0000083F 0F B6 45 1C                     	MOVZX	EAX,BYTE [28+EBP]
  1006 00000843 50                              	PUSH	EAX
  1007 00000844 8B 45 08                        	MOV	EAX,DWORD [8+EBP]
  1008 00000847 FF 70 04                        	PUSH	DWORD [4+EAX]
  1009 0000084A FF 30                           	PUSH	DWORD [EAX]
  1010 0000084C E8 FFFFFC5C                     	CALL	_BoxFill8
  1011 00000851 8D 65 F4                        	LEA	ESP,DWORD [-12+EBP]
  1012 00000854 5B                              	POP	EBX
  1013 00000855 5E                              	POP	ESI
  1014 00000856 5F                              	POP	EDI
  1015 00000857 5D                              	POP	EBP
  1016 00000858 C3                              	RET
  1017 00000859                                 _set_palette:
  1018 00000859 55                              	PUSH	EBP
  1019 0000085A 89 E5                           	MOV	EBP,ESP
  1020 0000085C 57                              	PUSH	EDI
  1021 0000085D 56                              	PUSH	ESI
  1022 0000085E 53                              	PUSH	EBX
  1023 0000085F 51                              	PUSH	ECX
  1024 00000860 8B 5D 08                        	MOV	EBX,DWORD [8+EBP]
  1025 00000863 8B 7D 0C                        	MOV	EDI,DWORD [12+EBP]
  1026 00000866 8B 75 10                        	MOV	ESI,DWORD [16+EBP]
  1027 00000869 E8 [00000000]                   	CALL	_io_load_eflags
  1028 0000086E 89 45 F0                        	MOV	DWORD [-16+EBP],EAX
  1029 00000871 E8 [00000000]                   	CALL	_io_cli
  1030 00000876 53                              	PUSH	EBX
  1031 00000877 68 000003C8                     	PUSH	968
  1032 0000087C E8 [00000000]                   	CALL	_io_out8
  1033 00000881 39 FB                           	CMP	EBX,EDI
  1034 00000883 58                              	POP	EAX
  1035 00000884 5A                              	POP	EDX
  1036 00000885 7E 12                           	JLE	L95
  1037 00000887                                 L97:
  1038 00000887 8B 45 F0                        	MOV	EAX,DWORD [-16+EBP]
  1039 0000088A 89 45 08                        	MOV	DWORD [8+EBP],EAX
  1040 0000088D 8D 65 F4                        	LEA	ESP,DWORD [-12+EBP]
  1041 00000890 5B                              	POP	EBX
  1042 00000891 5E                              	POP	ESI
  1043 00000892 5F                              	POP	EDI
  1044 00000893 5D                              	POP	EBP
  1045 00000894 E9 [00000000]                   	JMP	_io_store_eflags
  1046 00000899                                 L95:
  1047 00000899 8A 06                           	MOV	AL,BYTE [ESI]
  1048 0000089B 43                              	INC	EBX
  1049 0000089C C0 E8 02                        	SHR	AL,2
  1050 0000089F 0F B6 C0                        	MOVZX	EAX,AL
  1051 000008A2 50                              	PUSH	EAX
  1052 000008A3 68 000003C9                     	PUSH	969
  1053 000008A8 E8 [00000000]                   	CALL	_io_out8
  1054 000008AD 8A 46 01                        	MOV	AL,BYTE [1+ESI]
  1055 000008B0 C0 E8 02                        	SHR	AL,2
  1056 000008B3 0F B6 C0                        	MOVZX	EAX,AL
  1057 000008B6 50                              	PUSH	EAX
  1058 000008B7 68 000003C9                     	PUSH	969
  1059 000008BC E8 [00000000]                   	CALL	_io_out8
  1060 000008C1 8A 46 02                        	MOV	AL,BYTE [2+ESI]
  1061 000008C4 C0 E8 02                        	SHR	AL,2
  1062 000008C7 83 C6 03                        	ADD	ESI,3
  1063 000008CA 0F B6 C0                        	MOVZX	EAX,AL
  1064 000008CD 50                              	PUSH	EAX
  1065 000008CE 68 000003C9                     	PUSH	969
  1066 000008D3 E8 [00000000]                   	CALL	_io_out8
  1067 000008D8 83 C4 18                        	ADD	ESP,24
  1068 000008DB 39 FB                           	CMP	EBX,EDI
  1069 000008DD 7E BA                           	JLE	L95
  1070 000008DF EB A6                           	JMP	L97
  1071 000008E1                                 _Putfont8:
  1072 000008E1 55                              	PUSH	EBP
  1073 000008E2 89 E5                           	MOV	EBP,ESP
  1074 000008E4 57                              	PUSH	EDI
  1075 000008E5 56                              	PUSH	ESI
  1076 000008E6 53                              	PUSH	EBX
  1077 000008E7 56                              	PUSH	ESI
  1078 000008E8 31 F6                           	XOR	ESI,ESI
  1079 000008EA 8B 7D 1C                        	MOV	EDI,DWORD [28+EBP]
  1080 000008ED 8A 5D 18                        	MOV	BL,BYTE [24+EBP]
  1081 000008F0                                 L111:
  1082 000008F0 8B 45 14                        	MOV	EAX,DWORD [20+EBP]
  1083 000008F3 8A 14 3E                        	MOV	DL,BYTE [ESI+EDI*1]
  1084 000008F6 01 F0                           	ADD	EAX,ESI
  1085 000008F8 0F AF 45 0C                     	IMUL	EAX,DWORD [12+EBP]
  1086 000008FC 03 45 08                        	ADD	EAX,DWORD [8+EBP]
  1087 000008FF 89 C1                           	MOV	ECX,EAX
  1088 00000901 03 4D 10                        	ADD	ECX,DWORD [16+EBP]
  1089 00000904 84 D2                           	TEST	DL,DL
  1090 00000906 79 02                           	JNS	L103
  1091 00000908 88 19                           	MOV	BYTE [ECX],BL
  1092 0000090A                                 L103:
  1093 0000090A 88 D0                           	MOV	AL,DL
  1094 0000090C 83 E0 40                        	AND	EAX,64
  1095 0000090F 84 C0                           	TEST	AL,AL
  1096 00000911 74 03                           	JE	L104
  1097 00000913 88 59 01                        	MOV	BYTE [1+ECX],BL
  1098 00000916                                 L104:
  1099 00000916 88 D0                           	MOV	AL,DL
  1100 00000918 83 E0 20                        	AND	EAX,32
  1101 0000091B 84 C0                           	TEST	AL,AL
  1102 0000091D 74 03                           	JE	L105
  1103 0000091F 88 59 02                        	MOV	BYTE [2+ECX],BL
  1104 00000922                                 L105:
  1105 00000922 88 D0                           	MOV	AL,DL
  1106 00000924 83 E0 10                        	AND	EAX,16
  1107 00000927 84 C0                           	TEST	AL,AL
  1108 00000929 74 03                           	JE	L106
  1109 0000092B 88 59 03                        	MOV	BYTE [3+ECX],BL
  1110 0000092E                                 L106:
  1111 0000092E 88 D0                           	MOV	AL,DL
  1112 00000930 83 E0 08                        	AND	EAX,8
  1113 00000933 84 C0                           	TEST	AL,AL
  1114 00000935 74 03                           	JE	L107
  1115 00000937 88 59 04                        	MOV	BYTE [4+ECX],BL
  1116 0000093A                                 L107:
  1117 0000093A 88 D0                           	MOV	AL,DL
  1118 0000093C 83 E0 04                        	AND	EAX,4
  1119 0000093F 84 C0                           	TEST	AL,AL
  1120 00000941 74 03                           	JE	L108
  1121 00000943 88 59 05                        	MOV	BYTE [5+ECX],BL
  1122 00000946                                 L108:
  1123 00000946 88 D0                           	MOV	AL,DL
  1124 00000948 83 E0 02                        	AND	EAX,2
  1125 0000094B 84 C0                           	TEST	AL,AL
  1126 0000094D 74 03                           	JE	L109
  1127 0000094F 88 59 06                        	MOV	BYTE [6+ECX],BL
  1128 00000952                                 L109:
  1129 00000952 83 E2 01                        	AND	EDX,1
  1130 00000955 84 D2                           	TEST	DL,DL
  1131 00000957 74 03                           	JE	L101
  1132 00000959 88 59 07                        	MOV	BYTE [7+ECX],BL
  1133 0000095C                                 L101:
  1134 0000095C 46                              	INC	ESI
  1135 0000095D 83 FE 0F                        	CMP	ESI,15
  1136 00000960 7E 8E                           	JLE	L111
  1137 00000962 5B                              	POP	EBX
  1138 00000963 5B                              	POP	EBX
  1139 00000964 5E                              	POP	ESI
  1140 00000965 5F                              	POP	EDI
  1141 00000966 5D                              	POP	EBP
  1142 00000967 C3                              	RET
