     1 00000000                                 [FORMAT "WCOFF"]
     2 00000000                                 [INSTRSET "i486p"]
     3 00000000                                 [OPTIMIZE 1]
     4 00000000                                 [OPTION 1]
     5 00000000                                 [BITS 32]
     6 00000000                                 	EXTERN	_boxfill8
     7 00000000                                 	EXTERN	_putfonts8_asc
     8 00000000                                 	EXTERN	_sheet_refresh
     9 00000000                                 [FILE "window.c"]
    10                                          [SECTION .text]
    11 00000000                                 	GLOBAL	_make_textbox8
    12 00000000                                 _make_textbox8:
    13 00000000 55                              	PUSH	EBP
    14 00000001 89 E5                           	MOV	EBP,ESP
    15 00000003 57                              	PUSH	EDI
    16 00000004 56                              	PUSH	ESI
    17 00000005 53                              	PUSH	EBX
    18 00000006 83 EC 14                        	SUB	ESP,20
    19 00000009 8B 45 0C                        	MOV	EAX,DWORD [12+EBP]
    20 0000000C 8B 75 10                        	MOV	ESI,DWORD [16+EBP]
    21 0000000F 03 45 14                        	ADD	EAX,DWORD [20+EBP]
    22 00000012 83 EE 03                        	SUB	ESI,3
    23 00000015 56                              	PUSH	ESI
    24 00000016 89 45 F0                        	MOV	DWORD [-16+EBP],EAX
    25 00000019 8B 45 10                        	MOV	EAX,DWORD [16+EBP]
    26 0000001C 03 45 18                        	ADD	EAX,DWORD [24+EBP]
    27 0000001F 89 45 EC                        	MOV	DWORD [-20+EBP],EAX
    28 00000022 8B 45 F0                        	MOV	EAX,DWORD [-16+EBP]
    29 00000025 40                              	INC	EAX
    30 00000026 50                              	PUSH	EAX
    31 00000027 89 45 E8                        	MOV	DWORD [-24+EBP],EAX
    32 0000002A 8B 45 0C                        	MOV	EAX,DWORD [12+EBP]
    33 0000002D 56                              	PUSH	ESI
    34 0000002E 83 E8 02                        	SUB	EAX,2
    35 00000031 50                              	PUSH	EAX
    36 00000032 89 45 E4                        	MOV	DWORD [-28+EBP],EAX
    37 00000035 8B 45 08                        	MOV	EAX,DWORD [8+EBP]
    38 00000038 6A 0F                           	PUSH	15
    39 0000003A FF 70 04                        	PUSH	DWORD [4+EAX]
    40 0000003D FF 30                           	PUSH	DWORD [EAX]
    41 0000003F E8 [00000000]                   	CALL	_boxfill8
    42 00000044 8B 7D 0C                        	MOV	EDI,DWORD [12+EBP]
    43 00000047 8B 45 EC                        	MOV	EAX,DWORD [-20+EBP]
    44 0000004A 83 EF 03                        	SUB	EDI,3
    45 0000004D 40                              	INC	EAX
    46 0000004E 50                              	PUSH	EAX
    47 0000004F 89 45 E0                        	MOV	DWORD [-32+EBP],EAX
    48 00000052 57                              	PUSH	EDI
    49 00000053 8B 45 08                        	MOV	EAX,DWORD [8+EBP]
    50 00000056 56                              	PUSH	ESI
    51 00000057 57                              	PUSH	EDI
    52 00000058 6A 0F                           	PUSH	15
    53 0000005A FF 70 04                        	PUSH	DWORD [4+EAX]
    54 0000005D FF 30                           	PUSH	DWORD [EAX]
    55 0000005F E8 [00000000]                   	CALL	_boxfill8
    56 00000064 8B 45 08                        	MOV	EAX,DWORD [8+EBP]
    57 00000067 83 C4 38                        	ADD	ESP,56
    58 0000006A 8B 5D EC                        	MOV	EBX,DWORD [-20+EBP]
    59 0000006D 83 C3 02                        	ADD	EBX,2
    60 00000070 53                              	PUSH	EBX
    61 00000071 FF 75 E8                        	PUSH	DWORD [-24+EBP]
    62 00000074 53                              	PUSH	EBX
    63 00000075 57                              	PUSH	EDI
    64 00000076 6A 07                           	PUSH	7
    65 00000078 FF 70 04                        	PUSH	DWORD [4+EAX]
    66 0000007B FF 30                           	PUSH	DWORD [EAX]
    67 0000007D E8 [00000000]                   	CALL	_boxfill8
    68 00000082 8B 45 F0                        	MOV	EAX,DWORD [-16+EBP]
    69 00000085 53                              	PUSH	EBX
    70 00000086 83 C0 02                        	ADD	EAX,2
    71 00000089 50                              	PUSH	EAX
    72 0000008A 56                              	PUSH	ESI
    73 0000008B 50                              	PUSH	EAX
    74 0000008C 8B 45 08                        	MOV	EAX,DWORD [8+EBP]
    75 0000008F 6A 07                           	PUSH	7
    76 00000091 FF 70 04                        	PUSH	DWORD [4+EAX]
    77 00000094 FF 30                           	PUSH	DWORD [EAX]
    78 00000096 E8 [00000000]                   	CALL	_boxfill8
    79 0000009B 8B 45 08                        	MOV	EAX,DWORD [8+EBP]
    80 0000009E 83 C4 38                        	ADD	ESP,56
    81 000000A1 8B 5D 10                        	MOV	EBX,DWORD [16+EBP]
    82 000000A4 83 EB 02                        	SUB	EBX,2
    83 000000A7 8B 7D 0C                        	MOV	EDI,DWORD [12+EBP]
    84 000000AA 53                              	PUSH	EBX
    85 000000AB 4F                              	DEC	EDI
    86 000000AC FF 75 F0                        	PUSH	DWORD [-16+EBP]
    87 000000AF 53                              	PUSH	EBX
    88 000000B0 57                              	PUSH	EDI
    89 000000B1 6A 00                           	PUSH	0
    90 000000B3 FF 70 04                        	PUSH	DWORD [4+EAX]
    91 000000B6 FF 30                           	PUSH	DWORD [EAX]
    92 000000B8 E8 [00000000]                   	CALL	_boxfill8
    93 000000BD 8B 45 08                        	MOV	EAX,DWORD [8+EBP]
    94 000000C0 FF 75 EC                        	PUSH	DWORD [-20+EBP]
    95 000000C3 FF 75 E4                        	PUSH	DWORD [-28+EBP]
    96 000000C6 53                              	PUSH	EBX
    97 000000C7 FF 75 E4                        	PUSH	DWORD [-28+EBP]
    98 000000CA 6A 00                           	PUSH	0
    99 000000CC FF 70 04                        	PUSH	DWORD [4+EAX]
   100 000000CF FF 30                           	PUSH	DWORD [EAX]
   101 000000D1 E8 [00000000]                   	CALL	_boxfill8
   102 000000D6 8B 45 08                        	MOV	EAX,DWORD [8+EBP]
   103 000000D9 83 C4 38                        	ADD	ESP,56
   104 000000DC FF 75 E0                        	PUSH	DWORD [-32+EBP]
   105 000000DF FF 75 F0                        	PUSH	DWORD [-16+EBP]
   106 000000E2 FF 75 E0                        	PUSH	DWORD [-32+EBP]
   107 000000E5 FF 75 E4                        	PUSH	DWORD [-28+EBP]
   108 000000E8 6A 08                           	PUSH	8
   109 000000EA FF 70 04                        	PUSH	DWORD [4+EAX]
   110 000000ED FF 30                           	PUSH	DWORD [EAX]
   111 000000EF E8 [00000000]                   	CALL	_boxfill8
   112 000000F4 8B 45 08                        	MOV	EAX,DWORD [8+EBP]
   113 000000F7 FF 75 E0                        	PUSH	DWORD [-32+EBP]
   114 000000FA FF 75 E8                        	PUSH	DWORD [-24+EBP]
   115 000000FD 53                              	PUSH	EBX
   116 000000FE FF 75 E8                        	PUSH	DWORD [-24+EBP]
   117 00000101 6A 08                           	PUSH	8
   118 00000103 FF 70 04                        	PUSH	DWORD [4+EAX]
   119 00000106 FF 30                           	PUSH	DWORD [EAX]
   120 00000108 E8 [00000000]                   	CALL	_boxfill8
   121 0000010D 8B 45 10                        	MOV	EAX,DWORD [16+EBP]
   122 00000110 83 C4 38                        	ADD	ESP,56
   123 00000113 48                              	DEC	EAX
   124 00000114 FF 75 EC                        	PUSH	DWORD [-20+EBP]
   125 00000117 FF 75 F0                        	PUSH	DWORD [-16+EBP]
   126 0000011A 50                              	PUSH	EAX
   127 0000011B 57                              	PUSH	EDI
   128 0000011C 0F B6 45 1C                     	MOVZX	EAX,BYTE [28+EBP]
   129 00000120 50                              	PUSH	EAX
   130 00000121 8B 45 08                        	MOV	EAX,DWORD [8+EBP]
   131 00000124 FF 70 04                        	PUSH	DWORD [4+EAX]
   132 00000127 FF 30                           	PUSH	DWORD [EAX]
   133 00000129 E8 [00000000]                   	CALL	_boxfill8
   134 0000012E 8D 65 F4                        	LEA	ESP,DWORD [-12+EBP]
   135 00000131 5B                              	POP	EBX
   136 00000132 5E                              	POP	ESI
   137 00000133 5F                              	POP	EDI
   138 00000134 5D                              	POP	EBP
   139 00000135 C3                              	RET
   140 00000136                                 	GLOBAL	_make_window8
   141 00000136                                 _make_window8:
   142 00000136 55                              	PUSH	EBP
   143 00000137 89 E5                           	MOV	EBP,ESP
   144 00000139 57                              	PUSH	EDI
   145 0000013A 56                              	PUSH	ESI
   146 0000013B 53                              	PUSH	EBX
   147 0000013C 83 EC 18                        	SUB	ESP,24
   148 0000013F 8B 45 10                        	MOV	EAX,DWORD [16+EBP]
   149 00000142 8B 5D 0C                        	MOV	EBX,DWORD [12+EBP]
   150 00000145 89 45 F0                        	MOV	DWORD [-16+EBP],EAX
   151 00000148 8B 75 08                        	MOV	ESI,DWORD [8+EBP]
   152 0000014B 8B 45 14                        	MOV	EAX,DWORD [20+EBP]
   153 0000014E 89 45 EC                        	MOV	DWORD [-20+EBP],EAX
   154 00000151 0F BE 45 18                     	MOVSX	EAX,BYTE [24+EBP]
   155 00000155 89 45 E8                        	MOV	DWORD [-24+EBP],EAX
   156 00000158 8D 43 FF                        	LEA	EAX,DWORD [-1+EBX]
   157 0000015B 6A 00                           	PUSH	0
   158 0000015D 89 45 E4                        	MOV	DWORD [-28+EBP],EAX
   159 00000160 50                              	PUSH	EAX
   160 00000161 6A 00                           	PUSH	0
   161 00000163 6A 00                           	PUSH	0
   162 00000165 6A 08                           	PUSH	8
   163 00000167 53                              	PUSH	EBX
   164 00000168 56                              	PUSH	ESI
   165 00000169 E8 [00000000]                   	CALL	_boxfill8
   166 0000016E 8D 43 FE                        	LEA	EAX,DWORD [-2+EBX]
   167 00000171 6A 01                           	PUSH	1
   168 00000173 89 45 E0                        	MOV	DWORD [-32+EBP],EAX
   169 00000176 50                              	PUSH	EAX
   170 00000177 6A 01                           	PUSH	1
   171 00000179 6A 01                           	PUSH	1
   172 0000017B 6A 07                           	PUSH	7
   173 0000017D 53                              	PUSH	EBX
   174 0000017E 56                              	PUSH	ESI
   175 0000017F E8 [00000000]                   	CALL	_boxfill8
   176 00000184 8B 45 F0                        	MOV	EAX,DWORD [-16+EBP]
   177 00000187 83 C4 38                        	ADD	ESP,56
   178 0000018A 48                              	DEC	EAX
   179 0000018B 89 45 DC                        	MOV	DWORD [-36+EBP],EAX
   180 0000018E 50                              	PUSH	EAX
   181 0000018F 6A 00                           	PUSH	0
   182 00000191 6A 00                           	PUSH	0
   183 00000193 6A 00                           	PUSH	0
   184 00000195 6A 08                           	PUSH	8
   185 00000197 53                              	PUSH	EBX
   186 00000198 56                              	PUSH	ESI
   187 00000199 E8 [00000000]                   	CALL	_boxfill8
   188 0000019E 8B 7D F0                        	MOV	EDI,DWORD [-16+EBP]
   189 000001A1 83 EF 02                        	SUB	EDI,2
   190 000001A4 57                              	PUSH	EDI
   191 000001A5 6A 01                           	PUSH	1
   192 000001A7 6A 01                           	PUSH	1
   193 000001A9 6A 01                           	PUSH	1
   194 000001AB 6A 07                           	PUSH	7
   195 000001AD 53                              	PUSH	EBX
   196 000001AE 56                              	PUSH	ESI
   197 000001AF E8 [00000000]                   	CALL	_boxfill8
   198 000001B4 83 C4 38                        	ADD	ESP,56
   199 000001B7 57                              	PUSH	EDI
   200 000001B8 FF 75 E0                        	PUSH	DWORD [-32+EBP]
   201 000001BB 6A 01                           	PUSH	1
   202 000001BD FF 75 E0                        	PUSH	DWORD [-32+EBP]
   203 000001C0 6A 0F                           	PUSH	15
   204 000001C2 53                              	PUSH	EBX
   205 000001C3 56                              	PUSH	ESI
   206 000001C4 E8 [00000000]                   	CALL	_boxfill8
   207 000001C9 FF 75 DC                        	PUSH	DWORD [-36+EBP]
   208 000001CC FF 75 E4                        	PUSH	DWORD [-28+EBP]
   209 000001CF 6A 00                           	PUSH	0
   210 000001D1 FF 75 E4                        	PUSH	DWORD [-28+EBP]
   211 000001D4 6A 00                           	PUSH	0
   212 000001D6 53                              	PUSH	EBX
   213 000001D7 56                              	PUSH	ESI
   214 000001D8 E8 [00000000]                   	CALL	_boxfill8
   215 000001DD 8B 45 F0                        	MOV	EAX,DWORD [-16+EBP]
   216 000001E0 83 C4 38                        	ADD	ESP,56
   217 000001E3 83 E8 03                        	SUB	EAX,3
   218 000001E6 50                              	PUSH	EAX
   219 000001E7 8D 43 FD                        	LEA	EAX,DWORD [-3+EBX]
   220 000001EA 50                              	PUSH	EAX
   221 000001EB 6A 02                           	PUSH	2
   222 000001ED 6A 02                           	PUSH	2
   223 000001EF 6A 08                           	PUSH	8
   224 000001F1 53                              	PUSH	EBX
   225 000001F2 56                              	PUSH	ESI
   226 000001F3 E8 [00000000]                   	CALL	_boxfill8
   227 000001F8 57                              	PUSH	EDI
   228 000001F9 FF 75 E0                        	PUSH	DWORD [-32+EBP]
   229 000001FC 57                              	PUSH	EDI
   230 000001FD 6A 01                           	PUSH	1
   231 000001FF 6A 0F                           	PUSH	15
   232 00000201 53                              	PUSH	EBX
   233 00000202 56                              	PUSH	ESI
   234 00000203 E8 [00000000]                   	CALL	_boxfill8
   235 00000208 83 C4 38                        	ADD	ESP,56
   236 0000020B FF 75 DC                        	PUSH	DWORD [-36+EBP]
   237 0000020E FF 75 E4                        	PUSH	DWORD [-28+EBP]
   238 00000211 FF 75 DC                        	PUSH	DWORD [-36+EBP]
   239 00000214 6A 00                           	PUSH	0
   240 00000216 6A 00                           	PUSH	0
   241 00000218 53                              	PUSH	EBX
   242 00000219 56                              	PUSH	ESI
   243 0000021A E8 [00000000]                   	CALL	_boxfill8
   244 0000021F 89 75 08                        	MOV	DWORD [8+EBP],ESI
   245 00000222 8B 45 E8                        	MOV	EAX,DWORD [-24+EBP]
   246 00000225 89 5D 0C                        	MOV	DWORD [12+EBP],EBX
   247 00000228 89 45 14                        	MOV	DWORD [20+EBP],EAX
   248 0000022B 83 C4 1C                        	ADD	ESP,28
   249 0000022E 8B 45 EC                        	MOV	EAX,DWORD [-20+EBP]
   250 00000231 89 45 10                        	MOV	DWORD [16+EBP],EAX
   251 00000234 8D 65 F4                        	LEA	ESP,DWORD [-12+EBP]
   252 00000237 5B                              	POP	EBX
   253 00000238 5E                              	POP	ESI
   254 00000239 5F                              	POP	EDI
   255 0000023A 5D                              	POP	EBP
   256 0000023B EB 00                           	JMP	_make_wtitle8
   257                                          [SECTION .data]
   258 00000000                                 _closebtn.0:
   259 00000000 4F 4F 4F 4F 4F 4F 4F 4F 4F 4F   	DB	"OOOOOOOOOOOOOOO@"
       0000000A 4F 4F 4F 4F 4F 40 
   260 00000010 4F 51 51 51 51 51 51 51 51 51   	DB	"OQQQQQQQQQQQQQ$@"
       0000001A 51 51 51 51 24 40 
   261 00000020 4F 51 51 51 51 51 51 51 51 51   	DB	"OQQQQQQQQQQQQQ$@"
       0000002A 51 51 51 51 24 40 
   262 00000030 4F 51 51 51 40 40 51 51 51 51   	DB	"OQQQ@@QQQQ@@QQ$@"
       0000003A 40 40 51 51 24 40 
   263 00000040 4F 51 51 51 51 40 40 51 51 40   	DB	"OQQQQ@@QQ@@QQQ$@"
       0000004A 40 51 51 51 24 40 
   264 00000050 4F 51 51 51 51 51 40 40 40 40   	DB	"OQQQQQ@@@@QQQQ$@"
       0000005A 51 51 51 51 24 40 
   265 00000060 4F 51 51 51 51 51 51 40 40 51   	DB	"OQQQQQQ@@QQQQQ$@"
       0000006A 51 51 51 51 24 40 
   266 00000070 4F 51 51 51 51 51 40 40 40 40   	DB	"OQQQQQ@@@@QQQQ$@"
       0000007A 51 51 51 51 24 40 
   267 00000080 4F 51 51 51 51 40 40 51 51 40   	DB	"OQQQQ@@QQ@@QQQ$@"
       0000008A 40 51 51 51 24 40 
   268 00000090 4F 51 51 51 40 40 51 51 51 51   	DB	"OQQQ@@QQQQ@@QQ$@"
       0000009A 40 40 51 51 24 40 
   269 000000A0 4F 51 51 51 51 51 51 51 51 51   	DB	"OQQQQQQQQQQQQQ$@"
       000000AA 51 51 51 51 24 40 
   270 000000B0 4F 51 51 51 51 51 51 51 51 51   	DB	"OQQQQQQQQQQQQQ$@"
       000000BA 51 51 51 51 24 40 
   271 000000C0 4F 24 24 24 24 24 24 24 24 24   	DB	"O$$$$$$$$$$$$$$@"
       000000CA 24 24 24 24 24 40 
   272 000000D0 40 40 40 40 40 40 40 40 40 40   	DB	"@@@@@@@@@@@@@@@@"
       000000DA 40 40 40 40 40 40 
   273                                          [SECTION .text]
   274 0000023D                                 	GLOBAL	_make_wtitle8
   275 0000023D                                 _make_wtitle8:
   276 0000023D 55                              	PUSH	EBP
   277 0000023E 89 E5                           	MOV	EBP,ESP
   278 00000240 57                              	PUSH	EDI
   279 00000241 56                              	PUSH	ESI
   280 00000242 53                              	PUSH	EBX
   281 00000243 50                              	PUSH	EAX
   282 00000244 80 7D 14 00                     	CMP	BYTE [20+EBP],0
   283 00000248 0F 84 00000097                  	JE	L4
   284 0000024E B3 07                           	MOV	BL,7
   285 00000250 B2 0C                           	MOV	DL,12
   286 00000252                                 L5:
   287 00000252 8B 45 0C                        	MOV	EAX,DWORD [12+EBP]
   288 00000255 6A 14                           	PUSH	20
   289 00000257 83 E8 04                        	SUB	EAX,4
   290 0000025A 31 FF                           	XOR	EDI,EDI
   291 0000025C 50                              	PUSH	EAX
   292 0000025D 6A 03                           	PUSH	3
   293 0000025F 6A 03                           	PUSH	3
   294 00000261 0F B6 C2                        	MOVZX	EAX,DL
   295 00000264 50                              	PUSH	EAX
   296 00000265 FF 75 0C                        	PUSH	DWORD [12+EBP]
   297 00000268 FF 75 08                        	PUSH	DWORD [8+EBP]
   298 0000026B E8 [00000000]                   	CALL	_boxfill8
   299 00000270 FF 75 10                        	PUSH	DWORD [16+EBP]
   300 00000273 0F BE C3                        	MOVSX	EAX,BL
   301 00000276 50                              	PUSH	EAX
   302 00000277 6A 04                           	PUSH	4
   303 00000279 6A 18                           	PUSH	24
   304 0000027B FF 75 0C                        	PUSH	DWORD [12+EBP]
   305 0000027E FF 75 08                        	PUSH	DWORD [8+EBP]
   306 00000281 E8 [00000000]                   	CALL	_putfonts8_asc
   307 00000286 83 C4 34                        	ADD	ESP,52
   308 00000289 6B 5D 0C 05                     	IMUL	EBX,DWORD [12+EBP],5
   309 0000028D C7 45 F0 00000000               	MOV	DWORD [-16+EBP],0
   310 00000294                                 L21:
   311 00000294 8B 45 0C                        	MOV	EAX,DWORD [12+EBP]
   312 00000297 8B 55 08                        	MOV	EDX,DWORD [8+EBP]
   313 0000029A 01 D8                           	ADD	EAX,EBX
   314 0000029C 31 F6                           	XOR	ESI,ESI
   315 0000029E 8D 4C 02 EB                     	LEA	ECX,DWORD [-21+EDX+EAX*1]
   316 000002A2                                 L20:
   317 000002A2 8A 94 3E [00000000]             	MOV	DL,BYTE [_closebtn.0+ESI+EDI*1]
   318 000002A9 80 FA 40                        	CMP	DL,64
   319 000002AC 74 33                           	JE	L26
   320 000002AE 80 FA 24                        	CMP	DL,36
   321 000002B1 74 2A                           	JE	L27
   322 000002B3 80 FA 51                        	CMP	DL,81
   323 000002B6 B2 08                           	MOV	DL,8
   324 000002B8 0F 95 C0                        	SETNE	AL
   325 000002BB 28 C2                           	SUB	DL,AL
   326 000002BD                                 L15:
   327 000002BD 46                              	INC	ESI
   328 000002BE 88 11                           	MOV	BYTE [ECX],DL
   329 000002C0 41                              	INC	ECX
   330 000002C1 83 FE 0F                        	CMP	ESI,15
   331 000002C4 7E DC                           	JLE	L20
   332 000002C6 FF 45 F0                        	INC	DWORD [-16+EBP]
   333 000002C9 83 C7 10                        	ADD	EDI,16
   334 000002CC 03 5D 0C                        	ADD	EBX,DWORD [12+EBP]
   335 000002CF 83 7D F0 0D                     	CMP	DWORD [-16+EBP],13
   336 000002D3 7E BF                           	JLE	L21
   337 000002D5 8D 65 F4                        	LEA	ESP,DWORD [-12+EBP]
   338 000002D8 5B                              	POP	EBX
   339 000002D9 5E                              	POP	ESI
   340 000002DA 5F                              	POP	EDI
   341 000002DB 5D                              	POP	EBP
   342 000002DC C3                              	RET
   343 000002DD                                 L27:
   344 000002DD B2 0F                           	MOV	DL,15
   345 000002DF EB DC                           	JMP	L15
   346 000002E1                                 L26:
   347 000002E1 31 D2                           	XOR	EDX,EDX
   348 000002E3 EB D8                           	JMP	L15
   349 000002E5                                 L4:
   350 000002E5 B3 08                           	MOV	BL,8
   351 000002E7 B2 0F                           	MOV	DL,15
   352 000002E9 E9 FFFFFF64                     	JMP	L5
   353 000002EE                                 	GLOBAL	_putfonts8_asc_sht
   354 000002EE                                 _putfonts8_asc_sht:
   355 000002EE 55                              	PUSH	EBP
   356 000002EF 89 E5                           	MOV	EBP,ESP
   357 000002F1 57                              	PUSH	EDI
   358 000002F2 56                              	PUSH	ESI
   359 000002F3 53                              	PUSH	EBX
   360 000002F4 83 EC 0C                        	SUB	ESP,12
   361 000002F7 8B 45 08                        	MOV	EAX,DWORD [8+EBP]
   362 000002FA 8B 7D 10                        	MOV	EDI,DWORD [16+EBP]
   363 000002FD 89 45 F0                        	MOV	DWORD [-16+EBP],EAX
   364 00000300 8B 5D 14                        	MOV	EBX,DWORD [20+EBP]
   365 00000303 8B 45 0C                        	MOV	EAX,DWORD [12+EBP]
   366 00000306 89 45 EC                        	MOV	DWORD [-20+EBP],EAX
   367 00000309 8B 45 1C                        	MOV	EAX,DWORD [28+EBP]
   368 0000030C 89 45 E8                        	MOV	DWORD [-24+EBP],EAX
   369 0000030F 8D 47 0F                        	LEA	EAX,DWORD [15+EDI]
   370 00000312 50                              	PUSH	EAX
   371 00000313 8B 45 EC                        	MOV	EAX,DWORD [-20+EBP]
   372 00000316 8B 75 20                        	MOV	ESI,DWORD [32+EBP]
   373 00000319 0F BE DB                        	MOVSX	EBX,BL
   374 0000031C 8D 34 F0                        	LEA	ESI,DWORD [EAX+ESI*8]
   375 0000031F 8D 46 FF                        	LEA	EAX,DWORD [-1+ESI]
   376 00000322 50                              	PUSH	EAX
   377 00000323 57                              	PUSH	EDI
   378 00000324 FF 75 EC                        	PUSH	DWORD [-20+EBP]
   379 00000327 0F B6 45 18                     	MOVZX	EAX,BYTE [24+EBP]
   380 0000032B 50                              	PUSH	EAX
   381 0000032C 8B 45 F0                        	MOV	EAX,DWORD [-16+EBP]
   382 0000032F FF 70 04                        	PUSH	DWORD [4+EAX]
   383 00000332 FF 30                           	PUSH	DWORD [EAX]
   384 00000334 E8 [00000000]                   	CALL	_boxfill8
   385 00000339 FF 75 E8                        	PUSH	DWORD [-24+EBP]
   386 0000033C 53                              	PUSH	EBX
   387 0000033D 57                              	PUSH	EDI
   388 0000033E FF 75 EC                        	PUSH	DWORD [-20+EBP]
   389 00000341 8B 45 F0                        	MOV	EAX,DWORD [-16+EBP]
   390 00000344 FF 70 04                        	PUSH	DWORD [4+EAX]
   391 00000347 FF 30                           	PUSH	DWORD [EAX]
   392 00000349 E8 [00000000]                   	CALL	_putfonts8_asc
   393 0000034E 89 7D 10                        	MOV	DWORD [16+EBP],EDI
   394 00000351 8D 47 10                        	LEA	EAX,DWORD [16+EDI]
   395 00000354 89 75 14                        	MOV	DWORD [20+EBP],ESI
   396 00000357 89 45 18                        	MOV	DWORD [24+EBP],EAX
   397 0000035A 83 C4 34                        	ADD	ESP,52
   398 0000035D 8B 45 EC                        	MOV	EAX,DWORD [-20+EBP]
   399 00000360 89 45 0C                        	MOV	DWORD [12+EBP],EAX
   400 00000363 8B 45 F0                        	MOV	EAX,DWORD [-16+EBP]
   401 00000366 89 45 08                        	MOV	DWORD [8+EBP],EAX
   402 00000369 8D 65 F4                        	LEA	ESP,DWORD [-12+EBP]
   403 0000036C 5B                              	POP	EBX
   404 0000036D 5E                              	POP	ESI
   405 0000036E 5F                              	POP	EDI
   406 0000036F 5D                              	POP	EBP
   407 00000370 E9 [00000000]                   	JMP	_sheet_refresh
